2014/05/13 11:59:40 [error] [php] Undefined variable: fname (C:\wamp\www\shop\glav\protected\views\orders\index.php:82)
Stack trace:
#0 C:\wamp\www\shop\framework\web\CController.php(869): OrdersController->renderFile()
#1 C:\wamp\www\shop\framework\web\CController.php(782): OrdersController->renderPartial()
#2 C:\wamp\www\shop\glav\protected\controllers\OrdersController.php(135): OrdersController->render()
#3 C:\wamp\www\shop\framework\web\actions\CInlineAction.php(49): OrdersController->actionIndex()
#4 C:\wamp\www\shop\framework\web\CController.php(308): CInlineAction->runWithParams()
#5 C:\wamp\www\shop\framework\web\filters\CFilterChain.php(133): OrdersController->runAction()
#6 C:\wamp\www\shop\framework\web\filters\CFilter.php(40): CFilterChain->run()
#7 C:\wamp\www\shop\framework\web\CController.php(1145): CAccessControlFilter->filter()
#8 C:\wamp\www\shop\framework\web\filters\CInlineFilter.php(58): OrdersController->filterAccessControl()
#9 C:\wamp\www\shop\framework\web\filters\CFilterChain.php(130): CInlineFilter->filter()
#10 C:\wamp\www\shop\framework\web\CController.php(291): CFilterChain->run()
#11 C:\wamp\www\shop\framework\web\CController.php(265): OrdersController->runActionWithFilters()
#12 C:\wamp\www\shop\framework\web\CWebApplication.php(282): OrdersController->run()
#13 C:\wamp\www\shop\framework\web\CWebApplication.php(141): CWebApplication->runController()
#14 C:\wamp\www\shop\framework\base\CApplication.php(180): CWebApplication->processRequest()
#15 C:\wamp\www\shop\glav\index.php(33): CWebApplication->run()
REQUEST_URI=/shop/glav/index.php?r=orders/index&str=32
in C:\wamp\www\shop\glav\protected\views\orders\index.php (82)
in C:\wamp\www\shop\glav\protected\controllers\OrdersController.php (135)
in C:\wamp\www\shop\glav\index.php (33)
2014/05/13 12:00:18 [error] [php] Undefined variable: s3 (C:\wamp\www\shop\glav\protected\views\orders\index.php:65)
Stack trace:
#0 C:\wamp\www\shop\framework\web\CBaseController.php(95): OrdersController->renderInternal()
#1 C:\wamp\www\shop\framework\web\CController.php(869): OrdersController->renderFile()
#2 C:\wamp\www\shop\framework\web\CController.php(782): OrdersController->renderPartial()
#3 C:\wamp\www\shop\glav\protected\controllers\OrdersController.php(135): OrdersController->render()
#4 C:\wamp\www\shop\framework\web\actions\CInlineAction.php(49): OrdersController->actionIndex()
#5 C:\wamp\www\shop\framework\web\CController.php(308): CInlineAction->runWithParams()
#6 C:\wamp\www\shop\framework\web\filters\CFilterChain.php(133): OrdersController->runAction()
#7 C:\wamp\www\shop\framework\web\filters\CFilter.php(40): CFilterChain->run()
#8 C:\wamp\www\shop\framework\web\CController.php(1145): CAccessControlFilter->filter()
#9 C:\wamp\www\shop\framework\web\filters\CInlineFilter.php(58): OrdersController->filterAccessControl()
#10 C:\wamp\www\shop\framework\web\filters\CFilterChain.php(130): CInlineFilter->filter()
#11 C:\wamp\www\shop\framework\web\CController.php(291): CFilterChain->run()
#12 C:\wamp\www\shop\framework\web\CController.php(265): OrdersController->runActionWithFilters()
#13 C:\wamp\www\shop\framework\web\CWebApplication.php(282): OrdersController->run()
#14 C:\wamp\www\shop\framework\web\CWebApplication.php(141): CWebApplication->runController()
#15 C:\wamp\www\shop\framework\base\CApplication.php(180): CWebApplication->processRequest()
#16 C:\wamp\www\shop\glav\index.php(33): CWebApplication->run()
REQUEST_URI=/shop/glav/index.php?r=orders/index&str=32
in C:\wamp\www\shop\glav\protected\views\orders\index.php (65)
in C:\wamp\www\shop\glav\protected\views\orders\index.php (82)
in C:\wamp\www\shop\glav\protected\controllers\OrdersController.php (135)
2014/05/13 12:08:05 [error] [php] Undefined index: idprod (C:\wamp\www\shop\glav\protected\views\site\cat.php:176)
Stack trace:
#0 C:\wamp\www\shop\framework\web\CController.php(869): SiteController->renderFile()
#1 C:\wamp\www\shop\framework\web\CController.php(782): SiteController->renderPartial()
#2 C:\wamp\www\shop\glav\protected\controllers\SiteController.php(40): SiteController->render()
#3 unknown(0): SiteController->actionCat()
#4 C:\wamp\www\shop\framework\web\actions\CAction.php(108): ReflectionMethod->invokeArgs()
#5 C:\wamp\www\shop\framework\web\actions\CInlineAction.php(47): CInlineAction->runWithParamsInternal()
#6 C:\wamp\www\shop\framework\web\CController.php(308): CInlineAction->runWithParams()
#7 C:\wamp\www\shop\framework\web\CController.php(286): SiteController->runAction()
#8 C:\wamp\www\shop\framework\web\CController.php(265): SiteController->runActionWithFilters()
#9 C:\wamp\www\shop\framework\web\CWebApplication.php(282): SiteController->run()
#10 C:\wamp\www\shop\framework\web\CWebApplication.php(141): CWebApplication->runController()
#11 C:\wamp\www\shop\framework\base\CApplication.php(180): CWebApplication->processRequest()
#12 C:\wamp\www\shop\glav\index.php(33): CWebApplication->run()
REQUEST_URI=/shop/glav/index.php?r=site/cat&id=2
in C:\wamp\www\shop\glav\protected\views\site\cat.php (176)
in C:\wamp\www\shop\glav\protected\controllers\SiteController.php (40)
in C:\wamp\www\shop\glav\index.php (33)
2014/05/13 12:14:11 [error] [php] Undefined variable: item (C:\wamp\www\shop\glav\protected\views\site\product_rez.php:11)
Stack trace:
#0 C:\wamp\www\shop\framework\web\CController.php(869): SiteController->renderFile()
#1 C:\wamp\www\shop\framework\web\CController.php(782): SiteController->renderPartial()
#2 C:\wamp\www\shop\glav\protected\controllers\SiteController.php(52): SiteController->render()
#3 unknown(0): SiteController->actionProduct_rez()
#4 C:\wamp\www\shop\framework\web\actions\CAction.php(108): ReflectionMethod->invokeArgs()
#5 C:\wamp\www\shop\framework\web\actions\CInlineAction.php(47): CInlineAction->runWithParamsInternal()
#6 C:\wamp\www\shop\framework\web\CController.php(308): CInlineAction->runWithParams()
#7 C:\wamp\www\shop\framework\web\CController.php(286): SiteController->runAction()
#8 C:\wamp\www\shop\framework\web\CController.php(265): SiteController->runActionWithFilters()
#9 C:\wamp\www\shop\framework\web\CWebApplication.php(282): SiteController->run()
#10 C:\wamp\www\shop\framework\web\CWebApplication.php(141): CWebApplication->runController()
#11 C:\wamp\www\shop\framework\base\CApplication.php(180): CWebApplication->processRequest()
#12 C:\wamp\www\shop\glav\index.php(33): CWebApplication->run()
REQUEST_URI=/shop/glav/index.php?r=site/product_rez&id=4
in C:\wamp\www\shop\glav\protected\views\site\product_rez.php (11)
in C:\wamp\www\shop\glav\protected\controllers\SiteController.php (52)
in C:\wamp\www\shop\glav\index.php (33)
2014/05/14 13:08:14 [warning] [application] Не удалось присвоить небезопасный атрибут "verifyCode" класса "RegistrationForm".
in C:\wamp\www\shop\glav\protected\modules\user\controllers\RegistrationController.php (30)
in C:\wamp\www\shop\glav\index.php (33)
2014/05/14 13:14:20 [warning] [application] Не удалось присвоить небезопасный атрибут "verifyCode" класса "RegistrationForm".
in C:\wamp\www\shop\glav\protected\modules\user\controllers\RegistrationController.php (30)
in C:\wamp\www\shop\glav\index.php (33)
2014/05/14 13:14:22 [warning] [application] Не удалось присвоить небезопасный атрибут "verifyCode" класса "RegistrationForm".
in C:\wamp\www\shop\glav\protected\modules\user\controllers\RegistrationController.php (30)
in C:\wamp\www\shop\glav\index.php (33)
2014/05/14 13:14:24 [warning] [application] Не удалось присвоить небезопасный атрибут "verifyCode" класса "RegistrationForm".
in C:\wamp\www\shop\glav\protected\modules\user\controllers\RegistrationController.php (30)
in C:\wamp\www\shop\glav\index.php (33)
2014/05/14 13:14:27 [warning] [application] Не удалось присвоить небезопасный атрибут "verifyCode" класса "RegistrationForm".
in C:\wamp\www\shop\glav\protected\modules\user\controllers\RegistrationController.php (30)
in C:\wamp\www\shop\glav\index.php (33)
2014/05/14 13:14:29 [warning] [application] Не удалось присвоить небезопасный атрибут "verifyCode" класса "RegistrationForm".
in C:\wamp\www\shop\glav\protected\modules\user\controllers\RegistrationController.php (30)
in C:\wamp\www\shop\glav\index.php (33)
2014/05/14 13:14:31 [warning] [application] Не удалось присвоить небезопасный атрибут "verifyCode" класса "RegistrationForm".
in C:\wamp\www\shop\glav\protected\modules\user\controllers\RegistrationController.php (30)
in C:\wamp\www\shop\glav\index.php (33)
2014/05/14 13:14:34 [warning] [application] Не удалось присвоить небезопасный атрибут "verifyCode" класса "RegistrationForm".
in C:\wamp\www\shop\glav\protected\modules\user\controllers\RegistrationController.php (30)
in C:\wamp\www\shop\glav\index.php (33)
2014/05/14 13:20:56 [error] [exception.CException] exception 'CException' with message 'Не определено свойство "RegistrationForm.verifyCode*".' in C:\wamp\www\shop\framework\base\CComponent.php:130
Stack trace:
#0 C:\wamp\www\shop\framework\db\ar\CActiveRecord.php(145): CComponent->__get('verifyCode*')
#1 C:\wamp\www\shop\framework\web\helpers\CHtml.php(2529): CActiveRecord->__get('verifyCode*')
#2 C:\wamp\www\shop\framework\web\helpers\CHtml.php(2252): CHtml::resolveValue(Object(RegistrationForm), 'verifyCode*')
#3 C:\wamp\www\shop\framework\web\helpers\CHtml.php(1434): CHtml::activeInputField('text', Object(RegistrationForm), 'verifyCode*', Array)
#4 C:\wamp\www\shop\framework\web\widgets\CActiveForm.php(725): CHtml::activeTextField(Object(RegistrationForm), 'verifyCode*', Array)
#5 C:\wamp\www\shop\glav\protected\modules\user\views\user\registration.php(88): CActiveForm->textField(Object(RegistrationForm), 'verifyCode*')
#6 C:\wamp\www\shop\framework\web\CBaseController.php(126): require('C:\wamp\www\sho...')
#7 C:\wamp\www\shop\framework\web\CBaseController.php(95): CBaseController->renderInternal('C:\wamp\www\sho...', Array, true)
#8 C:\wamp\www\shop\framework\web\CController.php(869): CBaseController->renderFile('C:\wamp\www\sho...', Array, true)
#9 C:\wamp\www\shop\framework\web\CController.php(782): CController->renderPartial('/user/registrat...', Array, true)
#10 C:\wamp\www\shop\glav\protected\modules\user\controllers\RegistrationController.php(77): CController->render('/user/registrat...', Array)
#11 C:\wamp\www\shop\framework\web\actions\CInlineAction.php(49): RegistrationController->actionRegistration()
#12 C:\wamp\www\shop\framework\web\CController.php(308): CInlineAction->runWithParams(Array)
#13 C:\wamp\www\shop\framework\web\CController.php(286): CController->runAction(Object(CInlineAction))
#14 C:\wamp\www\shop\framework\web\CController.php(265): CController->runActionWithFilters(Object(CInlineAction), Array)
#15 C:\wamp\www\shop\framework\web\CWebApplication.php(282): CController->run('')
#16 C:\wamp\www\shop\framework\web\CWebApplication.php(141): CWebApplication->runController('user/registrati...')
#17 C:\wamp\www\shop\framework\base\CApplication.php(180): CWebApplication->processRequest()
#18 C:\wamp\www\shop\glav\index.php(33): CApplication->run()
#19 {main}
REQUEST_URI=/shop/glav/index.php?r=user/registration
HTTP_REFERER=http://localhost/shop/glav/index.php?r=site/cat&id=2
---
2014/05/14 13:21:20 [warning] [application] Не удалось присвоить небезопасный атрибут "verifyCode" класса "RegistrationForm".
in C:\wamp\www\shop\glav\protected\modules\user\controllers\RegistrationController.php (30)
in C:\wamp\www\shop\glav\index.php (33)
2014/05/14 13:21:21 [warning] [application] Не удалось присвоить небезопасный атрибут "verifyCode" класса "RegistrationForm".
in C:\wamp\www\shop\glav\protected\modules\user\controllers\RegistrationController.php (30)
in C:\wamp\www\shop\glav\index.php (33)
2014/05/14 13:22:24 [warning] [application] Не удалось присвоить небезопасный атрибут "verifyCode" класса "RegistrationForm".
in C:\wamp\www\shop\glav\protected\modules\user\controllers\RegistrationController.php (30)
in C:\wamp\www\shop\glav\index.php (33)
2014/05/14 13:22:26 [warning] [application] Не удалось присвоить небезопасный атрибут "verifyCode" класса "RegistrationForm".
in C:\wamp\www\shop\glav\protected\modules\user\controllers\RegistrationController.php (30)
in C:\wamp\www\shop\glav\index.php (33)
2014/05/14 13:28:53 [warning] [application] Не удалось присвоить небезопасный атрибут "verifyCode" класса "RegistrationForm".
in C:\wamp\www\shop\glav\protected\modules\user\controllers\RegistrationController.php (30)
in C:\wamp\www\shop\glav\index.php (33)
2014/05/14 13:29:01 [warning] [application] Не удалось присвоить небезопасный атрибут "verifyCode" класса "RegistrationForm".
in C:\wamp\www\shop\glav\protected\modules\user\controllers\RegistrationController.php (30)
in C:\wamp\www\shop\glav\index.php (33)
2014/05/14 13:29:03 [warning] [application] Не удалось присвоить небезопасный атрибут "verifyCode" класса "RegistrationForm".
in C:\wamp\www\shop\glav\protected\modules\user\controllers\RegistrationController.php (30)
in C:\wamp\www\shop\glav\index.php (33)
2014/05/14 13:29:05 [warning] [application] Не удалось присвоить небезопасный атрибут "verifyCode" класса "RegistrationForm".
in C:\wamp\www\shop\glav\protected\modules\user\controllers\RegistrationController.php (30)
in C:\wamp\www\shop\glav\index.php (33)
2014/05/14 13:29:06 [warning] [application] Не удалось присвоить небезопасный атрибут "verifyCode" класса "RegistrationForm".
in C:\wamp\www\shop\glav\protected\modules\user\controllers\RegistrationController.php (30)
in C:\wamp\www\shop\glav\index.php (33)
2014/05/14 13:29:17 [warning] [application] Не удалось присвоить небезопасный атрибут "verifyCode" класса "RegistrationForm".
in C:\wamp\www\shop\glav\protected\modules\user\controllers\RegistrationController.php (30)
in C:\wamp\www\shop\glav\index.php (33)
2014/05/14 13:30:11 [warning] [application] Не удалось присвоить небезопасный атрибут "verifyCode" класса "RegistrationForm".
in C:\wamp\www\shop\glav\protected\modules\user\controllers\RegistrationController.php (30)
in C:\wamp\www\shop\glav\index.php (33)
2014/05/14 13:30:24 [warning] [application] Не удалось присвоить небезопасный атрибут "verifyCode" класса "RegistrationForm".
in C:\wamp\www\shop\glav\protected\modules\user\controllers\RegistrationController.php (30)
in C:\wamp\www\shop\glav\index.php (33)
2014/05/14 13:30:41 [warning] [application] Не удалось присвоить небезопасный атрибут "verifyCode" класса "RegistrationForm".
in C:\wamp\www\shop\glav\protected\modules\user\controllers\RegistrationController.php (30)
in C:\wamp\www\shop\glav\index.php (33)
2014/05/14 13:30:42 [warning] [application] Не удалось присвоить небезопасный атрибут "verifyCode" класса "RegistrationForm".
in C:\wamp\www\shop\glav\protected\modules\user\controllers\RegistrationController.php (30)
in C:\wamp\www\shop\glav\index.php (33)
2014/05/14 13:30:44 [warning] [application] Не удалось присвоить небезопасный атрибут "verifyCode" класса "RegistrationForm".
in C:\wamp\www\shop\glav\protected\modules\user\controllers\RegistrationController.php (30)
in C:\wamp\www\shop\glav\index.php (33)
2014/05/14 13:30:45 [warning] [application] Не удалось присвоить небезопасный атрибут "verifyCode" класса "RegistrationForm".
in C:\wamp\www\shop\glav\protected\modules\user\controllers\RegistrationController.php (30)
in C:\wamp\www\shop\glav\index.php (33)
2014/05/14 13:30:46 [warning] [application] Не удалось присвоить небезопасный атрибут "verifyCode" класса "RegistrationForm".
in C:\wamp\www\shop\glav\protected\modules\user\controllers\RegistrationController.php (30)
in C:\wamp\www\shop\glav\index.php (33)
2014/05/14 13:30:48 [warning] [application] Не удалось присвоить небезопасный атрибут "verifyCode" класса "RegistrationForm".
in C:\wamp\www\shop\glav\protected\modules\user\controllers\RegistrationController.php (30)
in C:\wamp\www\shop\glav\index.php (33)
2014/05/14 13:31:28 [warning] [application] Не удалось присвоить небезопасный атрибут "verifyCode" класса "RegistrationForm".
in C:\wamp\www\shop\glav\protected\modules\user\controllers\RegistrationController.php (30)
in C:\wamp\www\shop\glav\index.php (33)
2014/05/14 13:31:32 [warning] [application] Не удалось присвоить небезопасный атрибут "verifyCode" класса "RegistrationForm".
in C:\wamp\www\shop\glav\protected\modules\user\controllers\RegistrationController.php (30)
in C:\wamp\www\shop\glav\index.php (33)
2014/05/14 13:31:33 [warning] [application] Не удалось присвоить небезопасный атрибут "verifyCode" класса "RegistrationForm".
in C:\wamp\www\shop\glav\protected\modules\user\controllers\RegistrationController.php (30)
in C:\wamp\www\shop\glav\index.php (33)
2014/05/14 13:31:34 [warning] [application] Не удалось присвоить небезопасный атрибут "verifyCode" класса "RegistrationForm".
in C:\wamp\www\shop\glav\protected\modules\user\controllers\RegistrationController.php (30)
in C:\wamp\www\shop\glav\index.php (33)
2014/05/14 13:31:35 [warning] [application] Не удалось присвоить небезопасный атрибут "verifyCode" класса "RegistrationForm".
in C:\wamp\www\shop\glav\protected\modules\user\controllers\RegistrationController.php (30)
in C:\wamp\www\shop\glav\index.php (33)
2014/05/14 13:31:36 [warning] [application] Не удалось присвоить небезопасный атрибут "verifyCode" класса "RegistrationForm".
in C:\wamp\www\shop\glav\protected\modules\user\controllers\RegistrationController.php (30)
in C:\wamp\www\shop\glav\index.php (33)
2014/05/14 14:06:31 [warning] [application] Не удалось присвоить небезопасный атрибут "verifyCode" класса "RegistrationForm".
in C:\wamp\www\shop\glav\protected\modules\user\controllers\RegistrationController.php (30)
in C:\wamp\www\shop\glav\index.php (33)
2014/05/14 14:06:33 [warning] [application] Не удалось присвоить небезопасный атрибут "verifyCode" класса "RegistrationForm".
in C:\wamp\www\shop\glav\protected\modules\user\controllers\RegistrationController.php (30)
in C:\wamp\www\shop\glav\index.php (33)
2014/05/14 14:06:33 [warning] [application] Не удалось присвоить небезопасный атрибут "verifyCode" класса "RegistrationForm".
in C:\wamp\www\shop\glav\protected\modules\user\controllers\RegistrationController.php (30)
in C:\wamp\www\shop\glav\index.php (33)
2014/05/14 14:06:34 [warning] [application] Не удалось присвоить небезопасный атрибут "verifyCode" класса "RegistrationForm".
in C:\wamp\www\shop\glav\protected\modules\user\controllers\RegistrationController.php (30)
in C:\wamp\www\shop\glav\index.php (33)
2014/05/14 14:06:35 [warning] [application] Не удалось присвоить небезопасный атрибут "verifyCode" класса "RegistrationForm".
in C:\wamp\www\shop\glav\protected\modules\user\controllers\RegistrationController.php (30)
in C:\wamp\www\shop\glav\index.php (33)
2014/05/14 14:06:36 [warning] [application] Не удалось присвоить небезопасный атрибут "verifyCode" класса "RegistrationForm".
in C:\wamp\www\shop\glav\protected\modules\user\controllers\RegistrationController.php (30)
in C:\wamp\www\shop\glav\index.php (33)
2014/05/14 16:59:07 [warning] [application] Не удалось присвоить небезопасный атрибут "verifyCode" класса "RegistrationForm".
in C:\wamp\www\shop\glav\protected\modules\user\controllers\RegistrationController.php (30)
in C:\wamp\www\shop\glav\index.php (33)
2014/05/14 16:59:12 [warning] [application] Не удалось присвоить небезопасный атрибут "verifyCode" класса "RegistrationForm".
in C:\wamp\www\shop\glav\protected\modules\user\controllers\RegistrationController.php (30)
in C:\wamp\www\shop\glav\index.php (33)
2014/05/14 16:59:14 [warning] [application] Не удалось присвоить небезопасный атрибут "verifyCode" класса "RegistrationForm".
in C:\wamp\www\shop\glav\protected\modules\user\controllers\RegistrationController.php (30)
in C:\wamp\www\shop\glav\index.php (33)
2014/05/14 16:59:16 [warning] [application] Не удалось присвоить небезопасный атрибут "verifyCode" класса "RegistrationForm".
in C:\wamp\www\shop\glav\protected\modules\user\controllers\RegistrationController.php (30)
in C:\wamp\www\shop\glav\index.php (33)
2014/05/14 16:59:17 [warning] [application] Не удалось присвоить небезопасный атрибут "verifyCode" класса "RegistrationForm".
in C:\wamp\www\shop\glav\protected\modules\user\controllers\RegistrationController.php (30)
in C:\wamp\www\shop\glav\index.php (33)
2014/05/14 16:59:19 [warning] [application] Не удалось присвоить небезопасный атрибут "verifyCode" класса "RegistrationForm".
in C:\wamp\www\shop\glav\protected\modules\user\controllers\RegistrationController.php (30)
in C:\wamp\www\shop\glav\index.php (33)
2014/05/14 17:02:25 [warning] [application] Не удалось присвоить небезопасный атрибут "verifyCode" класса "RegistrationForm".
in C:\wamp\www\shop\glav\protected\modules\user\controllers\RegistrationController.php (30)
in C:\wamp\www\shop\glav\index.php (33)
2014/05/14 17:02:27 [warning] [application] Не удалось присвоить небезопасный атрибут "verifyCode" класса "RegistrationForm".
in C:\wamp\www\shop\glav\protected\modules\user\controllers\RegistrationController.php (30)
in C:\wamp\www\shop\glav\index.php (33)
2014/05/14 17:03:42 [warning] [application] Не удалось присвоить небезопасный атрибут "verifyCode" класса "RegistrationForm".
in C:\wamp\www\shop\glav\protected\modules\user\controllers\RegistrationController.php (30)
in C:\wamp\www\shop\glav\index.php (33)
2014/05/14 17:03:44 [warning] [application] Не удалось присвоить небезопасный атрибут "verifyCode" класса "RegistrationForm".
in C:\wamp\www\shop\glav\protected\modules\user\controllers\RegistrationController.php (30)
in C:\wamp\www\shop\glav\index.php (33)
2014/05/14 17:03:47 [warning] [application] Не удалось присвоить небезопасный атрибут "verifyCode" класса "RegistrationForm".
in C:\wamp\www\shop\glav\protected\modules\user\controllers\RegistrationController.php (30)
in C:\wamp\www\shop\glav\index.php (33)
2014/05/14 17:03:49 [warning] [application] Не удалось присвоить небезопасный атрибут "verifyCode" класса "RegistrationForm".
in C:\wamp\www\shop\glav\protected\modules\user\controllers\RegistrationController.php (30)
in C:\wamp\www\shop\glav\index.php (33)
2014/05/14 17:03:50 [warning] [application] Не удалось присвоить небезопасный атрибут "verifyCode" класса "RegistrationForm".
in C:\wamp\www\shop\glav\protected\modules\user\controllers\RegistrationController.php (30)
in C:\wamp\www\shop\glav\index.php (33)
2014/05/14 17:03:52 [warning] [application] Не удалось присвоить небезопасный атрибут "verifyCode" класса "RegistrationForm".
in C:\wamp\www\shop\glav\protected\modules\user\controllers\RegistrationController.php (30)
in C:\wamp\www\shop\glav\index.php (33)
2014/05/14 17:05:05 [warning] [application] Не удалось присвоить небезопасный атрибут "verifyCode" класса "RegistrationForm".
in C:\wamp\www\shop\glav\protected\modules\user\controllers\RegistrationController.php (30)
in C:\wamp\www\shop\glav\index.php (33)
2014/05/14 17:05:17 [warning] [application] Не удалось присвоить небезопасный атрибут "verifyCode" класса "RegistrationForm".
in C:\wamp\www\shop\glav\protected\modules\user\controllers\RegistrationController.php (30)
in C:\wamp\www\shop\glav\index.php (33)
2014/05/14 17:05:18 [warning] [application] Не удалось присвоить небезопасный атрибут "verifyCode" класса "RegistrationForm".
in C:\wamp\www\shop\glav\protected\modules\user\controllers\RegistrationController.php (30)
in C:\wamp\www\shop\glav\index.php (33)
2014/05/14 17:05:19 [warning] [application] Не удалось присвоить небезопасный атрибут "verifyCode" класса "RegistrationForm".
in C:\wamp\www\shop\glav\protected\modules\user\controllers\RegistrationController.php (30)
in C:\wamp\www\shop\glav\index.php (33)
2014/05/14 17:05:20 [warning] [application] Не удалось присвоить небезопасный атрибут "verifyCode" класса "RegistrationForm".
in C:\wamp\www\shop\glav\protected\modules\user\controllers\RegistrationController.php (30)
in C:\wamp\www\shop\glav\index.php (33)
2014/05/14 17:05:22 [warning] [application] Не удалось присвоить небезопасный атрибут "verifyCode" класса "RegistrationForm".
in C:\wamp\www\shop\glav\protected\modules\user\controllers\RegistrationController.php (30)
in C:\wamp\www\shop\glav\index.php (33)
2014/05/15 09:43:32 [error] [php] mysql_fetch_array() expects parameter 1 to be resource, boolean given (C:\wamp\www\shop\glav\db_fns.php:123)
Stack trace:
#0 C:\wamp\www\shop\framework\web\CBaseController.php(126): require()
#1 C:\wamp\www\shop\framework\web\CBaseController.php(95): SiteController->renderInternal()
#2 C:\wamp\www\shop\framework\web\CController.php(869): SiteController->renderFile()
#3 C:\wamp\www\shop\framework\web\CController.php(782): SiteController->renderPartial()
#4 C:\wamp\www\shop\glav\protected\controllers\SiteController.php(33): SiteController->render()
#5 C:\wamp\www\shop\framework\web\actions\CInlineAction.php(49): SiteController->actionIndex()
#6 C:\wamp\www\shop\framework\web\CController.php(308): CInlineAction->runWithParams()
#7 C:\wamp\www\shop\framework\web\CController.php(286): SiteController->runAction()
#8 C:\wamp\www\shop\framework\web\CController.php(265): SiteController->runActionWithFilters()
#9 C:\wamp\www\shop\framework\web\CWebApplication.php(282): SiteController->run()
#10 C:\wamp\www\shop\framework\web\CWebApplication.php(141): CWebApplication->runController()
#11 C:\wamp\www\shop\framework\base\CApplication.php(180): CWebApplication->processRequest()
#12 C:\wamp\www\shop\glav\index.php(33): CWebApplication->run()
REQUEST_URI=/shop/glav/index.php?r=site/index
in C:\wamp\www\shop\glav\db_fns.php (123)
in C:\wamp\www\shop\glav\protected\views\site\index.php (13)
in C:\wamp\www\shop\glav\protected\controllers\SiteController.php (33)
2014/05/15 09:44:04 [error] [php] mysql_fetch_array() expects parameter 1 to be resource, boolean given (C:\wamp\www\shop\glav\db_fns.php:123)
Stack trace:
#0 C:\wamp\www\shop\framework\web\CBaseController.php(126): require()
#1 C:\wamp\www\shop\framework\web\CBaseController.php(95): SiteController->renderInternal()
#2 C:\wamp\www\shop\framework\web\CController.php(869): SiteController->renderFile()
#3 C:\wamp\www\shop\framework\web\CController.php(782): SiteController->renderPartial()
#4 C:\wamp\www\shop\glav\protected\controllers\SiteController.php(33): SiteController->render()
#5 C:\wamp\www\shop\framework\web\actions\CInlineAction.php(49): SiteController->actionIndex()
#6 C:\wamp\www\shop\framework\web\CController.php(308): CInlineAction->runWithParams()
#7 C:\wamp\www\shop\framework\web\CController.php(286): SiteController->runAction()
#8 C:\wamp\www\shop\framework\web\CController.php(265): SiteController->runActionWithFilters()
#9 C:\wamp\www\shop\framework\web\CWebApplication.php(282): SiteController->run()
#10 C:\wamp\www\shop\framework\web\CWebApplication.php(141): CWebApplication->runController()
#11 C:\wamp\www\shop\framework\base\CApplication.php(180): CWebApplication->processRequest()
#12 C:\wamp\www\shop\glav\index.php(33): CWebApplication->run()
REQUEST_URI=/shop/glav/index.php?r=site/index
in C:\wamp\www\shop\glav\db_fns.php (123)
in C:\wamp\www\shop\glav\protected\views\site\index.php (13)
in C:\wamp\www\shop\glav\protected\controllers\SiteController.php (33)
2014/05/15 10:02:06 [error] [exception.CException] exception 'CException' with message 'Контроллер SiteController не может найти представление "cart".' in C:\wamp\www\shop\framework\web\CController.php:878
Stack trace:
#0 C:\wamp\www\shop\framework\web\CController.php(782): CController->renderPartial('cart', NULL, true)
#1 C:\wamp\www\shop\glav\protected\controllers\SiteController.php(58): CController->render('cart')
#2 C:\wamp\www\shop\framework\web\actions\CInlineAction.php(49): SiteController->actionCart()
#3 C:\wamp\www\shop\framework\web\CController.php(308): CInlineAction->runWithParams(Array)
#4 C:\wamp\www\shop\framework\web\CController.php(286): CController->runAction(Object(CInlineAction))
#5 C:\wamp\www\shop\framework\web\CController.php(265): CController->runActionWithFilters(Object(CInlineAction), Array)
#6 C:\wamp\www\shop\framework\web\CWebApplication.php(282): CController->run('cart')
#7 C:\wamp\www\shop\framework\web\CWebApplication.php(141): CWebApplication->runController('site/cart')
#8 C:\wamp\www\shop\framework\base\CApplication.php(180): CWebApplication->processRequest()
#9 C:\wamp\www\shop\glav\index.php(33): CApplication->run()
#10 {main}
REQUEST_URI=/shop/glav/index.php?r=site/cart
HTTP_REFERER=http://localhost/shop/glav/index.php?r=site/contact
---
2014/05/15 10:06:03 [error] [php] Undefined index: str (C:\wamp\www\shop\glav\protected\views\site\cart.php:6)
Stack trace:
#0 C:\wamp\www\shop\framework\web\CController.php(869): SiteController->renderFile()
#1 C:\wamp\www\shop\framework\web\CController.php(782): SiteController->renderPartial()
#2 C:\wamp\www\shop\glav\protected\controllers\SiteController.php(58): SiteController->render()
#3 C:\wamp\www\shop\framework\web\actions\CInlineAction.php(49): SiteController->actionCart()
#4 C:\wamp\www\shop\framework\web\CController.php(308): CInlineAction->runWithParams()
#5 C:\wamp\www\shop\framework\web\CController.php(286): SiteController->runAction()
#6 C:\wamp\www\shop\framework\web\CController.php(265): SiteController->runActionWithFilters()
#7 C:\wamp\www\shop\framework\web\CWebApplication.php(282): SiteController->run()
#8 C:\wamp\www\shop\framework\web\CWebApplication.php(141): CWebApplication->runController()
#9 C:\wamp\www\shop\framework\base\CApplication.php(180): CWebApplication->processRequest()
#10 C:\wamp\www\shop\glav\index.php(33): CWebApplication->run()
REQUEST_URI=/shop/glav/index.php?r=site/cart
in C:\wamp\www\shop\glav\protected\views\site\cart.php (6)
in C:\wamp\www\shop\glav\protected\controllers\SiteController.php (58)
in C:\wamp\www\shop\glav\index.php (33)
2014/05/15 10:09:10 [error] [php] Undefined index: str (C:\wamp\www\shop\glav\protected\views\site\cart.php:6)
Stack trace:
#0 C:\wamp\www\shop\framework\web\CController.php(869): SiteController->renderFile()
#1 C:\wamp\www\shop\framework\web\CController.php(782): SiteController->renderPartial()
#2 C:\wamp\www\shop\glav\protected\controllers\SiteController.php(58): SiteController->render()
#3 C:\wamp\www\shop\framework\web\actions\CInlineAction.php(49): SiteController->actionCart()
#4 C:\wamp\www\shop\framework\web\CController.php(308): CInlineAction->runWithParams()
#5 C:\wamp\www\shop\framework\web\CController.php(286): SiteController->runAction()
#6 C:\wamp\www\shop\framework\web\CController.php(265): SiteController->runActionWithFilters()
#7 C:\wamp\www\shop\framework\web\CWebApplication.php(282): SiteController->run()
#8 C:\wamp\www\shop\framework\web\CWebApplication.php(141): CWebApplication->runController()
#9 C:\wamp\www\shop\framework\base\CApplication.php(180): CWebApplication->processRequest()
#10 C:\wamp\www\shop\glav\index.php(33): CWebApplication->run()
REQUEST_URI=/shop/glav/index.php?r=site/cart
in C:\wamp\www\shop\glav\protected\views\site\cart.php (6)
in C:\wamp\www\shop\glav\protected\controllers\SiteController.php (58)
in C:\wamp\www\shop\glav\index.php (33)
2014/05/15 10:09:22 [error] [php] Undefined index: str (C:\wamp\www\shop\glav\protected\views\site\cart.php:6)
Stack trace:
#0 C:\wamp\www\shop\framework\web\CController.php(869): SiteController->renderFile()
#1 C:\wamp\www\shop\framework\web\CController.php(782): SiteController->renderPartial()
#2 C:\wamp\www\shop\glav\protected\controllers\SiteController.php(58): SiteController->render()
#3 C:\wamp\www\shop\framework\web\actions\CInlineAction.php(49): SiteController->actionCart()
#4 C:\wamp\www\shop\framework\web\CController.php(308): CInlineAction->runWithParams()
#5 C:\wamp\www\shop\framework\web\CController.php(286): SiteController->runAction()
#6 C:\wamp\www\shop\framework\web\CController.php(265): SiteController->runActionWithFilters()
#7 C:\wamp\www\shop\framework\web\CWebApplication.php(282): SiteController->run()
#8 C:\wamp\www\shop\framework\web\CWebApplication.php(141): CWebApplication->runController()
#9 C:\wamp\www\shop\framework\base\CApplication.php(180): CWebApplication->processRequest()
#10 C:\wamp\www\shop\glav\index.php(33): CWebApplication->run()
REQUEST_URI=/shop/glav/index.php?r=site/cart
in C:\wamp\www\shop\glav\protected\views\site\cart.php (6)
in C:\wamp\www\shop\glav\protected\controllers\SiteController.php (58)
in C:\wamp\www\shop\glav\index.php (33)
2014/05/15 10:09:30 [error] [php] Undefined index: str (C:\wamp\www\shop\glav\protected\views\site\cart.php:6)
Stack trace:
#0 C:\wamp\www\shop\framework\web\CController.php(869): SiteController->renderFile()
#1 C:\wamp\www\shop\framework\web\CController.php(782): SiteController->renderPartial()
#2 C:\wamp\www\shop\glav\protected\controllers\SiteController.php(58): SiteController->render()
#3 C:\wamp\www\shop\framework\web\actions\CInlineAction.php(49): SiteController->actionCart()
#4 C:\wamp\www\shop\framework\web\CController.php(308): CInlineAction->runWithParams()
#5 C:\wamp\www\shop\framework\web\CController.php(286): SiteController->runAction()
#6 C:\wamp\www\shop\framework\web\CController.php(265): SiteController->runActionWithFilters()
#7 C:\wamp\www\shop\framework\web\CWebApplication.php(282): SiteController->run()
#8 C:\wamp\www\shop\framework\web\CWebApplication.php(141): CWebApplication->runController()
#9 C:\wamp\www\shop\framework\base\CApplication.php(180): CWebApplication->processRequest()
#10 C:\wamp\www\shop\glav\index.php(33): CWebApplication->run()
REQUEST_URI=/shop/glav/index.php?r=site/cart
in C:\wamp\www\shop\glav\protected\views\site\cart.php (6)
in C:\wamp\www\shop\glav\protected\controllers\SiteController.php (58)
in C:\wamp\www\shop\glav\index.php (33)
2014/05/15 10:09:44 [error] [php] Undefined index: str (C:\wamp\www\shop\glav\protected\views\site\cart.php:6)
Stack trace:
#0 C:\wamp\www\shop\framework\web\CController.php(869): SiteController->renderFile()
#1 C:\wamp\www\shop\framework\web\CController.php(782): SiteController->renderPartial()
#2 C:\wamp\www\shop\glav\protected\controllers\SiteController.php(58): SiteController->render()
#3 C:\wamp\www\shop\framework\web\actions\CInlineAction.php(49): SiteController->actionCart()
#4 C:\wamp\www\shop\framework\web\CController.php(308): CInlineAction->runWithParams()
#5 C:\wamp\www\shop\framework\web\CController.php(286): SiteController->runAction()
#6 C:\wamp\www\shop\framework\web\CController.php(265): SiteController->runActionWithFilters()
#7 C:\wamp\www\shop\framework\web\CWebApplication.php(282): SiteController->run()
#8 C:\wamp\www\shop\framework\web\CWebApplication.php(141): CWebApplication->runController()
#9 C:\wamp\www\shop\framework\base\CApplication.php(180): CWebApplication->processRequest()
#10 C:\wamp\www\shop\glav\index.php(33): CWebApplication->run()
REQUEST_URI=/shop/glav/index.php?r=site/cart
in C:\wamp\www\shop\glav\protected\views\site\cart.php (6)
in C:\wamp\www\shop\glav\protected\controllers\SiteController.php (58)
in C:\wamp\www\shop\glav\index.php (33)
2014/05/15 10:21:31 [error] [exception.CException] exception 'CException' with message 'Не определено свойство "CDetailView.0".' in C:\wamp\www\shop\framework\base\CComponent.php:173
Stack trace:
#0 C:\wamp\www\shop\framework\web\CWidgetFactory.php(161): CComponent->__set('0', Array)
#1 C:\wamp\www\shop\framework\web\CBaseController.php(146): CWidgetFactory->createWidget(Object(AdminController), 'zii.widgets.CDe...', Array)
#2 C:\wamp\www\shop\framework\web\CBaseController.php(172): CBaseController->createWidget('zii.widgets.CDe...', Array)
#3 C:\wamp\www\shop\glav\protected\modules\user\views\admin\view.php(59): CBaseController->widget('zii.widgets.CDe...', Array)
#4 C:\wamp\www\shop\framework\web\CBaseController.php(126): require('C:\wamp\www\sho...')
#5 C:\wamp\www\shop\framework\web\CBaseController.php(95): CBaseController->renderInternal('C:\wamp\www\sho...', Array, true)
#6 C:\wamp\www\shop\framework\web\CController.php(869): CBaseController->renderFile('C:\wamp\www\sho...', Array, true)
#7 C:\wamp\www\shop\framework\web\CController.php(782): CController->renderPartial('view', Array, true)
#8 C:\wamp\www\shop\glav\protected\modules\user\controllers\AdminController.php(68): CController->render('view', Array)
#9 C:\wamp\www\shop\framework\web\actions\CInlineAction.php(49): AdminController->actionView()
#10 C:\wamp\www\shop\framework\web\CController.php(308): CInlineAction->runWithParams(Array)
#11 C:\wamp\www\shop\framework\web\filters\CFilterChain.php(133): CController->runAction(Object(CInlineAction))
#12 C:\wamp\www\shop\framework\web\filters\CFilter.php(40): CFilterChain->run()
#13 C:\wamp\www\shop\framework\web\CController.php(1145): CFilter->filter(Object(CFilterChain))
#14 C:\wamp\www\shop\framework\web\filters\CInlineFilter.php(58): CController->filterAccessControl(Object(CFilterChain))
#15 C:\wamp\www\shop\framework\web\filters\CFilterChain.php(130): CInlineFilter->filter(Object(CFilterChain))
#16 C:\wamp\www\shop\framework\web\CController.php(291): CFilterChain->run()
#17 C:\wamp\www\shop\framework\web\CController.php(265): CController->runActionWithFilters(Object(CInlineAction), Array)
#18 C:\wamp\www\shop\framework\web\CWebApplication.php(282): CController->run('view')
#19 C:\wamp\www\shop\framework\web\CWebApplication.php(141): CWebApplication->runController('user/admin/view')
#20 C:\wamp\www\shop\framework\base\CApplication.php(180): CWebApplication->processRequest()
#21 C:\wamp\www\shop\glav\index.php(33): CApplication->run()
#22 {main}
REQUEST_URI=/shop/glav/index.php?r=user/admin/view&id=1
HTTP_REFERER=http://localhost/shop/glav/index.php?r=user/admin/update&id=1
---
2014/05/15 10:51:51 [error] [php] Undefined index: submit (C:\wamp\www\shop\glav\protected\views\site\contact2.php:3)
Stack trace:
#0 C:\wamp\www\shop\framework\web\CController.php(869): SiteController->renderFile()
#1 C:\wamp\www\shop\framework\web\CController.php(782): SiteController->renderPartial()
#2 C:\wamp\www\shop\glav\protected\controllers\SiteController.php(64): SiteController->render()
#3 C:\wamp\www\shop\framework\web\actions\CInlineAction.php(49): SiteController->actionContact2()
#4 C:\wamp\www\shop\framework\web\CController.php(308): CInlineAction->runWithParams()
#5 C:\wamp\www\shop\framework\web\CController.php(286): SiteController->runAction()
#6 C:\wamp\www\shop\framework\web\CController.php(265): SiteController->runActionWithFilters()
#7 C:\wamp\www\shop\framework\web\CWebApplication.php(282): SiteController->run()
#8 C:\wamp\www\shop\framework\web\CWebApplication.php(141): CWebApplication->runController()
#9 C:\wamp\www\shop\framework\base\CApplication.php(180): CWebApplication->processRequest()
#10 C:\wamp\www\shop\glav\index.php(33): CWebApplication->run()
REQUEST_URI=/shop/glav/index.php?r=site/contact2
in C:\wamp\www\shop\glav\protected\views\site\contact2.php (3)
in C:\wamp\www\shop\glav\protected\controllers\SiteController.php (64)
in C:\wamp\www\shop\glav\index.php (33)
2014/05/15 10:52:30 [error] [php] Undefined index: submit (C:\wamp\www\shop\glav\protected\views\site\contact2.php:17)
Stack trace:
#0 C:\wamp\www\shop\framework\web\CController.php(869): SiteController->renderFile()
#1 C:\wamp\www\shop\framework\web\CController.php(782): SiteController->renderPartial()
#2 C:\wamp\www\shop\glav\protected\controllers\SiteController.php(64): SiteController->render()
#3 C:\wamp\www\shop\framework\web\actions\CInlineAction.php(49): SiteController->actionContact2()
#4 C:\wamp\www\shop\framework\web\CController.php(308): CInlineAction->runWithParams()
#5 C:\wamp\www\shop\framework\web\CController.php(286): SiteController->runAction()
#6 C:\wamp\www\shop\framework\web\CController.php(265): SiteController->runActionWithFilters()
#7 C:\wamp\www\shop\framework\web\CWebApplication.php(282): SiteController->run()
#8 C:\wamp\www\shop\framework\web\CWebApplication.php(141): CWebApplication->runController()
#9 C:\wamp\www\shop\framework\base\CApplication.php(180): CWebApplication->processRequest()
#10 C:\wamp\www\shop\glav\index.php(33): CWebApplication->run()
REQUEST_URI=/shop/glav/index.php?r=site/contact2
in C:\wamp\www\shop\glav\protected\views\site\contact2.php (17)
in C:\wamp\www\shop\glav\protected\controllers\SiteController.php (64)
in C:\wamp\www\shop\glav\index.php (33)
2014/05/15 10:55:52 [error] [php] mail() [<a href='function.mail'>function.mail</a>]: Failed to connect to mailserver at &quot;localhost&quot; port 25, verify your &quot;SMTP&quot; and &quot;smtp_port&quot; setting in php.ini or use ini_set() (C:\wamp\www\shop\glav\protected\views\site\contact2.php:27)
Stack trace:
#0 C:\wamp\www\shop\framework\web\CBaseController.php(95): SiteController->renderInternal()
#1 C:\wamp\www\shop\framework\web\CController.php(869): SiteController->renderFile()
#2 C:\wamp\www\shop\framework\web\CController.php(782): SiteController->renderPartial()
#3 C:\wamp\www\shop\glav\protected\controllers\SiteController.php(64): SiteController->render()
#4 C:\wamp\www\shop\framework\web\actions\CInlineAction.php(49): SiteController->actionContact2()
#5 C:\wamp\www\shop\framework\web\CController.php(308): CInlineAction->runWithParams()
#6 C:\wamp\www\shop\framework\web\CController.php(286): SiteController->runAction()
#7 C:\wamp\www\shop\framework\web\CController.php(265): SiteController->runActionWithFilters()
#8 C:\wamp\www\shop\framework\web\CWebApplication.php(282): SiteController->run()
#9 C:\wamp\www\shop\framework\web\CWebApplication.php(141): CWebApplication->runController()
#10 C:\wamp\www\shop\framework\base\CApplication.php(180): CWebApplication->processRequest()
#11 C:\wamp\www\shop\glav\index.php(33): CWebApplication->run()
REQUEST_URI=/shop/glav/index.php?r=site/contact2
in C:\wamp\www\shop\glav\protected\views\site\contact2.php (27)
in C:\wamp\www\shop\glav\protected\controllers\SiteController.php (64)
in C:\wamp\www\shop\glav\index.php (33)
2014/05/15 11:12:27 [error] [php] Undefined variable: model (C:\wamp\www\shop\glav\protected\views\site\contact.php:42)
Stack trace:
#0 C:\wamp\www\shop\framework\web\CBaseController.php(95): SiteController->renderInternal()
#1 C:\wamp\www\shop\framework\web\CController.php(869): SiteController->renderFile()
#2 C:\wamp\www\shop\framework\web\CController.php(782): SiteController->renderPartial()
#3 C:\wamp\www\shop\glav\protected\controllers\SiteController.php(64): SiteController->render()
#4 C:\wamp\www\shop\framework\web\actions\CInlineAction.php(49): SiteController->actionContact2()
#5 C:\wamp\www\shop\framework\web\CController.php(308): CInlineAction->runWithParams()
#6 C:\wamp\www\shop\framework\web\CController.php(286): SiteController->runAction()
#7 C:\wamp\www\shop\framework\web\CController.php(265): SiteController->runActionWithFilters()
#8 C:\wamp\www\shop\framework\web\CWebApplication.php(282): SiteController->run()
#9 C:\wamp\www\shop\framework\web\CWebApplication.php(141): CWebApplication->runController()
#10 C:\wamp\www\shop\framework\base\CApplication.php(180): CWebApplication->processRequest()
#11 C:\wamp\www\shop\glav\index.php(33): CWebApplication->run()
REQUEST_URI=/shop/glav/index.php?r=site/contact2
in C:\wamp\www\shop\glav\protected\views\site\contact.php (42)
in C:\wamp\www\shop\glav\protected\views\site\contact2.php (35)
in C:\wamp\www\shop\glav\protected\controllers\SiteController.php (64)
2014/05/15 11:12:46 [error] [php] Undefined variable: model (C:\wamp\www\shop\glav\protected\views\site\contact.php:42)
Stack trace:
#0 C:\wamp\www\shop\framework\web\CBaseController.php(95): SiteController->renderInternal()
#1 C:\wamp\www\shop\framework\web\CController.php(869): SiteController->renderFile()
#2 C:\wamp\www\shop\framework\web\CController.php(782): SiteController->renderPartial()
#3 C:\wamp\www\shop\glav\protected\controllers\SiteController.php(64): SiteController->render()
#4 C:\wamp\www\shop\framework\web\actions\CInlineAction.php(49): SiteController->actionContact2()
#5 C:\wamp\www\shop\framework\web\CController.php(308): CInlineAction->runWithParams()
#6 C:\wamp\www\shop\framework\web\CController.php(286): SiteController->runAction()
#7 C:\wamp\www\shop\framework\web\CController.php(265): SiteController->runActionWithFilters()
#8 C:\wamp\www\shop\framework\web\CWebApplication.php(282): SiteController->run()
#9 C:\wamp\www\shop\framework\web\CWebApplication.php(141): CWebApplication->runController()
#10 C:\wamp\www\shop\framework\base\CApplication.php(180): CWebApplication->processRequest()
#11 C:\wamp\www\shop\glav\index.php(33): CWebApplication->run()
REQUEST_URI=/shop/glav/index.php?r=site/contact2
in C:\wamp\www\shop\glav\protected\views\site\contact.php (42)
in C:\wamp\www\shop\glav\protected\views\site\contact2.php (35)
in C:\wamp\www\shop\glav\protected\controllers\SiteController.php (64)
2014/05/15 11:12:47 [error] [php] Undefined variable: model (C:\wamp\www\shop\glav\protected\views\site\contact.php:42)
Stack trace:
#0 C:\wamp\www\shop\framework\web\CBaseController.php(95): SiteController->renderInternal()
#1 C:\wamp\www\shop\framework\web\CController.php(869): SiteController->renderFile()
#2 C:\wamp\www\shop\framework\web\CController.php(782): SiteController->renderPartial()
#3 C:\wamp\www\shop\glav\protected\controllers\SiteController.php(64): SiteController->render()
#4 C:\wamp\www\shop\framework\web\actions\CInlineAction.php(49): SiteController->actionContact2()
#5 C:\wamp\www\shop\framework\web\CController.php(308): CInlineAction->runWithParams()
#6 C:\wamp\www\shop\framework\web\CController.php(286): SiteController->runAction()
#7 C:\wamp\www\shop\framework\web\CController.php(265): SiteController->runActionWithFilters()
#8 C:\wamp\www\shop\framework\web\CWebApplication.php(282): SiteController->run()
#9 C:\wamp\www\shop\framework\web\CWebApplication.php(141): CWebApplication->runController()
#10 C:\wamp\www\shop\framework\base\CApplication.php(180): CWebApplication->processRequest()
#11 C:\wamp\www\shop\glav\index.php(33): CWebApplication->run()
REQUEST_URI=/shop/glav/index.php?r=site/contact2
in C:\wamp\www\shop\glav\protected\views\site\contact.php (42)
in C:\wamp\www\shop\glav\protected\views\site\contact2.php (35)
in C:\wamp\www\shop\glav\protected\controllers\SiteController.php (64)
2014/05/15 11:27:55 [error] [exception.CHttpException.400] exception 'CHttpException' with message 'Некорректный запрос.' in C:\wamp\www\shop\framework\web\CController.php:336
Stack trace:
#0 C:\wamp\www\shop\framework\web\CController.php(309): CController->invalidActionParams(Object(CInlineAction))
#1 C:\wamp\www\shop\framework\web\CController.php(286): CController->runAction(Object(CInlineAction))
#2 C:\wamp\www\shop\framework\web\CController.php(265): CController->runActionWithFilters(Object(CInlineAction), Array)
#3 C:\wamp\www\shop\framework\web\CWebApplication.php(282): CController->run('cat')
#4 C:\wamp\www\shop\framework\web\CWebApplication.php(141): CWebApplication->runController('site/cat')
#5 C:\wamp\www\shop\framework\base\CApplication.php(180): CWebApplication->processRequest()
#6 C:\wamp\www\shop\glav\index.php(33): CApplication->run()
#7 {main}
REQUEST_URI=/shop/glav/index.php?r=site/cat&str=
HTTP_REFERER=http://localhost/shop/glav/index.php?r=site/cat&id=1
---
2014/05/15 11:28:02 [error] [exception.CHttpException.400] exception 'CHttpException' with message 'Некорректный запрос.' in C:\wamp\www\shop\framework\web\CController.php:336
Stack trace:
#0 C:\wamp\www\shop\framework\web\CController.php(309): CController->invalidActionParams(Object(CInlineAction))
#1 C:\wamp\www\shop\framework\web\CController.php(286): CController->runAction(Object(CInlineAction))
#2 C:\wamp\www\shop\framework\web\CController.php(265): CController->runActionWithFilters(Object(CInlineAction), Array)
#3 C:\wamp\www\shop\framework\web\CWebApplication.php(282): CController->run('cat')
#4 C:\wamp\www\shop\framework\web\CWebApplication.php(141): CWebApplication->runController('site/cat')
#5 C:\wamp\www\shop\framework\base\CApplication.php(180): CWebApplication->processRequest()
#6 C:\wamp\www\shop\glav\index.php(33): CApplication->run()
#7 {main}
REQUEST_URI=/shop/glav/index.php?r=site/cat&str=4
HTTP_REFERER=http://localhost/shop/glav/index.php?r=site/cat&id=2
---
2014/05/15 11:56:15 [error] [php] Undefined variable: product (C:\wamp\www\shop\glav\protected\views\orders\index.php:27)
Stack trace:
#0 C:\wamp\www\shop\framework\web\CController.php(869): OrdersController->renderFile()
#1 C:\wamp\www\shop\framework\web\CController.php(782): OrdersController->renderPartial()
#2 C:\wamp\www\shop\glav\protected\controllers\OrdersController.php(135): OrdersController->render()
#3 C:\wamp\www\shop\framework\web\actions\CInlineAction.php(49): OrdersController->actionIndex()
#4 C:\wamp\www\shop\framework\web\CController.php(308): CInlineAction->runWithParams()
#5 C:\wamp\www\shop\framework\web\filters\CFilterChain.php(133): OrdersController->runAction()
#6 C:\wamp\www\shop\framework\web\filters\CFilter.php(40): CFilterChain->run()
#7 C:\wamp\www\shop\framework\web\CController.php(1145): CAccessControlFilter->filter()
#8 C:\wamp\www\shop\framework\web\filters\CInlineFilter.php(58): OrdersController->filterAccessControl()
#9 C:\wamp\www\shop\framework\web\filters\CFilterChain.php(130): CInlineFilter->filter()
#10 C:\wamp\www\shop\framework\web\CController.php(291): CFilterChain->run()
#11 C:\wamp\www\shop\framework\web\CController.php(265): OrdersController->runActionWithFilters()
#12 C:\wamp\www\shop\framework\web\CWebApplication.php(282): OrdersController->run()
#13 C:\wamp\www\shop\framework\web\CWebApplication.php(141): CWebApplication->runController()
#14 C:\wamp\www\shop\framework\base\CApplication.php(180): CWebApplication->processRequest()
#15 C:\wamp\www\shop\glav\index.php(33): CWebApplication->run()
REQUEST_URI=/shop/glav/index.php?r=orders/index&str=3
in C:\wamp\www\shop\glav\protected\views\orders\index.php (27)
in C:\wamp\www\shop\glav\protected\controllers\OrdersController.php (135)
in C:\wamp\www\shop\glav\index.php (33)
2014/05/15 11:56:41 [error] [php] Undefined variable: mess (C:\wamp\www\shop\glav\protected\views\orders\index.php:30)
Stack trace:
#0 C:\wamp\www\shop\framework\web\CController.php(869): OrdersController->renderFile()
#1 C:\wamp\www\shop\framework\web\CController.php(782): OrdersController->renderPartial()
#2 C:\wamp\www\shop\glav\protected\controllers\OrdersController.php(135): OrdersController->render()
#3 C:\wamp\www\shop\framework\web\actions\CInlineAction.php(49): OrdersController->actionIndex()
#4 C:\wamp\www\shop\framework\web\CController.php(308): CInlineAction->runWithParams()
#5 C:\wamp\www\shop\framework\web\filters\CFilterChain.php(133): OrdersController->runAction()
#6 C:\wamp\www\shop\framework\web\filters\CFilter.php(40): CFilterChain->run()
#7 C:\wamp\www\shop\framework\web\CController.php(1145): CAccessControlFilter->filter()
#8 C:\wamp\www\shop\framework\web\filters\CInlineFilter.php(58): OrdersController->filterAccessControl()
#9 C:\wamp\www\shop\framework\web\filters\CFilterChain.php(130): CInlineFilter->filter()
#10 C:\wamp\www\shop\framework\web\CController.php(291): CFilterChain->run()
#11 C:\wamp\www\shop\framework\web\CController.php(265): OrdersController->runActionWithFilters()
#12 C:\wamp\www\shop\framework\web\CWebApplication.php(282): OrdersController->run()
#13 C:\wamp\www\shop\framework\web\CWebApplication.php(141): CWebApplication->runController()
#14 C:\wamp\www\shop\framework\base\CApplication.php(180): CWebApplication->processRequest()
#15 C:\wamp\www\shop\glav\index.php(33): CWebApplication->run()
REQUEST_URI=/shop/glav/index.php?r=orders/index&str=3
in C:\wamp\www\shop\glav\protected\views\orders\index.php (30)
in C:\wamp\www\shop\glav\protected\controllers\OrdersController.php (135)
in C:\wamp\www\shop\glav\index.php (33)
2014/05/15 12:14:11 [error] [php] Undefined variable: title (C:\wamp\www\shop\glav\protected\views\orders\index.php:175)
Stack trace:
#0 C:\wamp\www\shop\framework\web\CController.php(869): OrdersController->renderFile()
#1 C:\wamp\www\shop\framework\web\CController.php(782): OrdersController->renderPartial()
#2 C:\wamp\www\shop\glav\protected\controllers\OrdersController.php(135): OrdersController->render()
#3 C:\wamp\www\shop\framework\web\actions\CInlineAction.php(49): OrdersController->actionIndex()
#4 C:\wamp\www\shop\framework\web\CController.php(308): CInlineAction->runWithParams()
#5 C:\wamp\www\shop\framework\web\filters\CFilterChain.php(133): OrdersController->runAction()
#6 C:\wamp\www\shop\framework\web\filters\CFilter.php(40): CFilterChain->run()
#7 C:\wamp\www\shop\framework\web\CController.php(1145): CAccessControlFilter->filter()
#8 C:\wamp\www\shop\framework\web\filters\CInlineFilter.php(58): OrdersController->filterAccessControl()
#9 C:\wamp\www\shop\framework\web\filters\CFilterChain.php(130): CInlineFilter->filter()
#10 C:\wamp\www\shop\framework\web\CController.php(291): CFilterChain->run()
#11 C:\wamp\www\shop\framework\web\CController.php(265): OrdersController->runActionWithFilters()
#12 C:\wamp\www\shop\framework\web\CWebApplication.php(282): OrdersController->run()
#13 C:\wamp\www\shop\framework\web\CWebApplication.php(141): CWebApplication->runController()
#14 C:\wamp\www\shop\framework\base\CApplication.php(180): CWebApplication->processRequest()
#15 C:\wamp\www\shop\glav\index.php(33): CWebApplication->run()
REQUEST_URI=/shop/glav/index.php?r=orders/index&str=43
in C:\wamp\www\shop\glav\protected\views\orders\index.php (175)
in C:\wamp\www\shop\glav\protected\controllers\OrdersController.php (135)
in C:\wamp\www\shop\glav\index.php (33)
2014/05/15 12:15:37 [error] [exception.CException] exception 'CException' with message 'Не определено свойство "CWebApplication.email".' in C:\wamp\www\shop\framework\base\CComponent.php:130
Stack trace:
#0 C:\wamp\www\shop\framework\base\CModule.php(105): CComponent->__get('email')
#1 C:\wamp\www\shop\glav\protected\views\orders\index.php(176): CModule->__get('email')
#2 C:\wamp\www\shop\framework\web\CBaseController.php(126): require('C:\wamp\www\sho...')
#3 C:\wamp\www\shop\framework\web\CBaseController.php(95): CBaseController->renderInternal('C:\wamp\www\sho...', Array, true)
#4 C:\wamp\www\shop\framework\web\CController.php(869): CBaseController->renderFile('C:\wamp\www\sho...', Array, true)
#5 C:\wamp\www\shop\framework\web\CController.php(782): CController->renderPartial('index', Array, true)
#6 C:\wamp\www\shop\glav\protected\controllers\OrdersController.php(135): CController->render('index', Array)
#7 C:\wamp\www\shop\framework\web\actions\CInlineAction.php(49): OrdersController->actionIndex()
#8 C:\wamp\www\shop\framework\web\CController.php(308): CInlineAction->runWithParams(Array)
#9 C:\wamp\www\shop\framework\web\filters\CFilterChain.php(133): CController->runAction(Object(CInlineAction))
#10 C:\wamp\www\shop\framework\web\filters\CFilter.php(40): CFilterChain->run()
#11 C:\wamp\www\shop\framework\web\CController.php(1145): CFilter->filter(Object(CFilterChain))
#12 C:\wamp\www\shop\framework\web\filters\CInlineFilter.php(58): CController->filterAccessControl(Object(CFilterChain))
#13 C:\wamp\www\shop\framework\web\filters\CFilterChain.php(130): CInlineFilter->filter(Object(CFilterChain))
#14 C:\wamp\www\shop\framework\web\CController.php(291): CFilterChain->run()
#15 C:\wamp\www\shop\framework\web\CController.php(265): CController->runActionWithFilters(Object(CInlineAction), Array)
#16 C:\wamp\www\shop\framework\web\CWebApplication.php(282): CController->run('index')
#17 C:\wamp\www\shop\framework\web\CWebApplication.php(141): CWebApplication->runController('orders/index')
#18 C:\wamp\www\shop\framework\base\CApplication.php(180): CWebApplication->processRequest()
#19 C:\wamp\www\shop\glav\index.php(33): CApplication->run()
#20 {main}
REQUEST_URI=/shop/glav/index.php?r=orders/index&str=43
HTTP_REFERER=http://localhost/shop/glav/index.php?r=orders/index&str=43
---
2014/05/15 15:07:58 [error] [exception.CHttpException.404] exception 'CHttpException' with message 'Системе не удалось найти запрашиваемое действие "final.php".' in C:\wamp\www\shop\framework\web\CController.php:483
Stack trace:
#0 C:\wamp\www\shop\framework\web\CController.php(270): CController->missingAction('final.php')
#1 C:\wamp\www\shop\framework\web\CWebApplication.php(282): CController->run('final.php')
#2 C:\wamp\www\shop\framework\web\CWebApplication.php(141): CWebApplication->runController('site/final.php')
#3 C:\wamp\www\shop\framework\base\CApplication.php(180): CWebApplication->processRequest()
#4 C:\wamp\www\shop\glav\index.php(33): CApplication->run()
#5 {main}
REQUEST_URI=/shop/glav/index.php?r=site/final.php
HTTP_REFERER=http://localhost/shop/glav/index.php?r=orders/index&str=43
---
2014/05/15 15:08:28 [error] [exception.CHttpException.404] exception 'CHttpException' with message 'Системе не удалось найти запрашиваемое действие "final.php".' in C:\wamp\www\shop\framework\web\CController.php:483
Stack trace:
#0 C:\wamp\www\shop\framework\web\CController.php(270): CController->missingAction('final.php')
#1 C:\wamp\www\shop\framework\web\CWebApplication.php(282): CController->run('final.php')
#2 C:\wamp\www\shop\framework\web\CWebApplication.php(141): CWebApplication->runController('site/final.php')
#3 C:\wamp\www\shop\framework\base\CApplication.php(180): CWebApplication->processRequest()
#4 C:\wamp\www\shop\glav\index.php(33): CApplication->run()
#5 {main}
REQUEST_URI=/shop/glav/index.php?r=site/final.php
HTTP_REFERER=http://localhost/shop/glav/index.php?r=orders/index&str=43
---
2014/05/15 15:08:33 [error] [exception.CHttpException.404] exception 'CHttpException' with message 'Системе не удалось найти запрашиваемое действие "final.php".' in C:\wamp\www\shop\framework\web\CController.php:483
Stack trace:
#0 C:\wamp\www\shop\framework\web\CController.php(270): CController->missingAction('final.php')
#1 C:\wamp\www\shop\framework\web\CWebApplication.php(282): CController->run('final.php')
#2 C:\wamp\www\shop\framework\web\CWebApplication.php(141): CWebApplication->runController('site/final.php')
#3 C:\wamp\www\shop\framework\base\CApplication.php(180): CWebApplication->processRequest()
#4 C:\wamp\www\shop\glav\index.php(33): CApplication->run()
#5 {main}
REQUEST_URI=/shop/glav/index.php?r=site/final.php
HTTP_REFERER=http://localhost/shop/glav/index.php?r=orders/index&str=4
---
2014/05/15 15:40:45 [warning] [application] Не удалось присвоить небезопасный атрибут "verifyCode" класса "RegistrationForm".
in C:\wamp\www\shop\glav\protected\modules\user\controllers\RegistrationController.php (30)
in C:\wamp\www\shop\glav\index.php (33)
2014/05/15 15:40:51 [warning] [application] Не удалось присвоить небезопасный атрибут "verifyCode" класса "RegistrationForm".
in C:\wamp\www\shop\glav\protected\modules\user\controllers\RegistrationController.php (30)
in C:\wamp\www\shop\glav\index.php (33)
2014/05/15 15:40:54 [warning] [application] Не удалось присвоить небезопасный атрибут "verifyCode" класса "RegistrationForm".
in C:\wamp\www\shop\glav\protected\modules\user\controllers\RegistrationController.php (30)
in C:\wamp\www\shop\glav\index.php (33)
2014/05/15 15:41:00 [warning] [application] Не удалось присвоить небезопасный атрибут "verifyCode" класса "RegistrationForm".
in C:\wamp\www\shop\glav\protected\modules\user\controllers\RegistrationController.php (30)
in C:\wamp\www\shop\glav\index.php (33)
2014/05/15 15:41:02 [warning] [application] Не удалось присвоить небезопасный атрибут "verifyCode" класса "RegistrationForm".
in C:\wamp\www\shop\glav\protected\modules\user\controllers\RegistrationController.php (30)
in C:\wamp\www\shop\glav\index.php (33)
2014/05/15 15:41:03 [warning] [application] Не удалось присвоить небезопасный атрибут "verifyCode" класса "RegistrationForm".
in C:\wamp\www\shop\glav\protected\modules\user\controllers\RegistrationController.php (30)
in C:\wamp\www\shop\glav\index.php (33)
2014/05/15 15:41:10 [warning] [application] Не удалось присвоить небезопасный атрибут "verifyCode" класса "RegistrationForm".
in C:\wamp\www\shop\glav\protected\modules\user\controllers\RegistrationController.php (30)
in C:\wamp\www\shop\glav\index.php (33)
2014/05/15 15:41:33 [error] [php] Trying to get property of non-object (C:\wamp\www\shop\glav\protected\modules\user\components\WebUser.php:51)
Stack trace:
#0 C:\wamp\www\shop\framework\db\ar\CActiveRecord.php(806): User->update()
#1 C:\wamp\www\shop\glav\protected\modules\user\controllers\ActivationController.php(21): User->save()
#2 C:\wamp\www\shop\framework\web\actions\CInlineAction.php(49): ActivationController->actionActivation()
#3 C:\wamp\www\shop\framework\web\CController.php(308): CInlineAction->runWithParams()
#4 C:\wamp\www\shop\framework\web\CController.php(286): ActivationController->runAction()
#5 C:\wamp\www\shop\framework\web\CController.php(265): ActivationController->runActionWithFilters()
#6 C:\wamp\www\shop\framework\web\CWebApplication.php(282): ActivationController->run()
#7 C:\wamp\www\shop\framework\web\CWebApplication.php(141): CWebApplication->runController()
#8 C:\wamp\www\shop\framework\base\CApplication.php(180): CWebApplication->processRequest()
#9 C:\wamp\www\shop\glav\index.php(33): CWebApplication->run()
REQUEST_URI=/shop/glav/index.php?r=user/activation/activation&activkey=6938a5d6b2e06e9f0827e01dc2b1de10&email=snalser23%40mail.com
in C:\wamp\www\shop\glav\protected\modules\user\components\WebUser.php (51)
in C:\wamp\www\shop\glav\protected\modules\user\models\User.php (202)
in C:\wamp\www\shop\glav\protected\modules\user\controllers\ActivationController.php (21)
2014/05/15 15:42:11 [error] [exception.CException] exception 'CException' with message 'Не определено свойство "CDetailView.0".' in C:\wamp\www\shop\framework\base\CComponent.php:173
Stack trace:
#0 C:\wamp\www\shop\framework\web\CWidgetFactory.php(161): CComponent->__set('0', Array)
#1 C:\wamp\www\shop\framework\web\CBaseController.php(146): CWidgetFactory->createWidget(Object(AdminController), 'zii.widgets.CDe...', Array)
#2 C:\wamp\www\shop\framework\web\CBaseController.php(172): CBaseController->createWidget('zii.widgets.CDe...', Array)
#3 C:\wamp\www\shop\glav\protected\modules\user\views\admin\view.php(59): CBaseController->widget('zii.widgets.CDe...', Array)
#4 C:\wamp\www\shop\framework\web\CBaseController.php(126): require('C:\wamp\www\sho...')
#5 C:\wamp\www\shop\framework\web\CBaseController.php(95): CBaseController->renderInternal('C:\wamp\www\sho...', Array, true)
#6 C:\wamp\www\shop\framework\web\CController.php(869): CBaseController->renderFile('C:\wamp\www\sho...', Array, true)
#7 C:\wamp\www\shop\framework\web\CController.php(782): CController->renderPartial('view', Array, true)
#8 C:\wamp\www\shop\glav\protected\modules\user\controllers\AdminController.php(68): CController->render('view', Array)
#9 C:\wamp\www\shop\framework\web\actions\CInlineAction.php(49): AdminController->actionView()
#10 C:\wamp\www\shop\framework\web\CController.php(308): CInlineAction->runWithParams(Array)
#11 C:\wamp\www\shop\framework\web\filters\CFilterChain.php(133): CController->runAction(Object(CInlineAction))
#12 C:\wamp\www\shop\framework\web\filters\CFilter.php(40): CFilterChain->run()
#13 C:\wamp\www\shop\framework\web\CController.php(1145): CFilter->filter(Object(CFilterChain))
#14 C:\wamp\www\shop\framework\web\filters\CInlineFilter.php(58): CController->filterAccessControl(Object(CFilterChain))
#15 C:\wamp\www\shop\framework\web\filters\CFilterChain.php(130): CInlineFilter->filter(Object(CFilterChain))
#16 C:\wamp\www\shop\framework\web\CController.php(291): CFilterChain->run()
#17 C:\wamp\www\shop\framework\web\CController.php(265): CController->runActionWithFilters(Object(CInlineAction), Array)
#18 C:\wamp\www\shop\framework\web\CWebApplication.php(282): CController->run('view')
#19 C:\wamp\www\shop\framework\web\CWebApplication.php(141): CWebApplication->runController('user/admin/view')
#20 C:\wamp\www\shop\framework\base\CApplication.php(180): CWebApplication->processRequest()
#21 C:\wamp\www\shop\glav\index.php(33): CApplication->run()
#22 {main}
REQUEST_URI=/shop/glav/index.php?r=user/admin/view&id=1
HTTP_REFERER=http://localhost/shop/glav/index.php?r=user/admin/update&id=1
---
2014/05/15 15:44:21 [error] [exception.CException] exception 'CException' with message 'Не определено свойство "CDetailView.0".' in C:\wamp\www\shop\framework\base\CComponent.php:173
Stack trace:
#0 C:\wamp\www\shop\framework\web\CWidgetFactory.php(161): CComponent->__set('0', Array)
#1 C:\wamp\www\shop\framework\web\CBaseController.php(146): CWidgetFactory->createWidget(Object(AdminController), 'zii.widgets.CDe...', Array)
#2 C:\wamp\www\shop\framework\web\CBaseController.php(172): CBaseController->createWidget('zii.widgets.CDe...', Array)
#3 C:\wamp\www\shop\glav\protected\modules\user\views\admin\view.php(59): CBaseController->widget('zii.widgets.CDe...', Array)
#4 C:\wamp\www\shop\framework\web\CBaseController.php(126): require('C:\wamp\www\sho...')
#5 C:\wamp\www\shop\framework\web\CBaseController.php(95): CBaseController->renderInternal('C:\wamp\www\sho...', Array, true)
#6 C:\wamp\www\shop\framework\web\CController.php(869): CBaseController->renderFile('C:\wamp\www\sho...', Array, true)
#7 C:\wamp\www\shop\framework\web\CController.php(782): CController->renderPartial('view', Array, true)
#8 C:\wamp\www\shop\glav\protected\modules\user\controllers\AdminController.php(68): CController->render('view', Array)
#9 C:\wamp\www\shop\framework\web\actions\CInlineAction.php(49): AdminController->actionView()
#10 C:\wamp\www\shop\framework\web\CController.php(308): CInlineAction->runWithParams(Array)
#11 C:\wamp\www\shop\framework\web\filters\CFilterChain.php(133): CController->runAction(Object(CInlineAction))
#12 C:\wamp\www\shop\framework\web\filters\CFilter.php(40): CFilterChain->run()
#13 C:\wamp\www\shop\framework\web\CController.php(1145): CFilter->filter(Object(CFilterChain))
#14 C:\wamp\www\shop\framework\web\filters\CInlineFilter.php(58): CController->filterAccessControl(Object(CFilterChain))
#15 C:\wamp\www\shop\framework\web\filters\CFilterChain.php(130): CInlineFilter->filter(Object(CFilterChain))
#16 C:\wamp\www\shop\framework\web\CController.php(291): CFilterChain->run()
#17 C:\wamp\www\shop\framework\web\CController.php(265): CController->runActionWithFilters(Object(CInlineAction), Array)
#18 C:\wamp\www\shop\framework\web\CWebApplication.php(282): CController->run('view')
#19 C:\wamp\www\shop\framework\web\CWebApplication.php(141): CWebApplication->runController('user/admin/view')
#20 C:\wamp\www\shop\framework\base\CApplication.php(180): CWebApplication->processRequest()
#21 C:\wamp\www\shop\glav\index.php(33): CApplication->run()
#22 {main}
REQUEST_URI=/shop/glav/index.php?r=user/admin/view&id=10
HTTP_REFERER=http://localhost/shop/glav/index.php?r=user/admin/update&id=10
---
2014/05/15 15:50:35 [error] [exception.CException] exception 'CException' with message 'Не определено свойство "CDetailView.0".' in C:\wamp\www\shop\framework\base\CComponent.php:173
Stack trace:
#0 C:\wamp\www\shop\framework\web\CWidgetFactory.php(161): CComponent->__set('0', Array)
#1 C:\wamp\www\shop\framework\web\CBaseController.php(146): CWidgetFactory->createWidget(Object(AdminController), 'zii.widgets.CDe...', Array)
#2 C:\wamp\www\shop\framework\web\CBaseController.php(172): CBaseController->createWidget('zii.widgets.CDe...', Array)
#3 C:\wamp\www\shop\glav\protected\modules\user\views\admin\view.php(59): CBaseController->widget('zii.widgets.CDe...', Array)
#4 C:\wamp\www\shop\framework\web\CBaseController.php(126): require('C:\wamp\www\sho...')
#5 C:\wamp\www\shop\framework\web\CBaseController.php(95): CBaseController->renderInternal('C:\wamp\www\sho...', Array, true)
#6 C:\wamp\www\shop\framework\web\CController.php(869): CBaseController->renderFile('C:\wamp\www\sho...', Array, true)
#7 C:\wamp\www\shop\framework\web\CController.php(782): CController->renderPartial('view', Array, true)
#8 C:\wamp\www\shop\glav\protected\modules\user\controllers\AdminController.php(68): CController->render('view', Array)
#9 C:\wamp\www\shop\framework\web\actions\CInlineAction.php(49): AdminController->actionView()
#10 C:\wamp\www\shop\framework\web\CController.php(308): CInlineAction->runWithParams(Array)
#11 C:\wamp\www\shop\framework\web\filters\CFilterChain.php(133): CController->runAction(Object(CInlineAction))
#12 C:\wamp\www\shop\framework\web\filters\CFilter.php(40): CFilterChain->run()
#13 C:\wamp\www\shop\framework\web\CController.php(1145): CFilter->filter(Object(CFilterChain))
#14 C:\wamp\www\shop\framework\web\filters\CInlineFilter.php(58): CController->filterAccessControl(Object(CFilterChain))
#15 C:\wamp\www\shop\framework\web\filters\CFilterChain.php(130): CInlineFilter->filter(Object(CFilterChain))
#16 C:\wamp\www\shop\framework\web\CController.php(291): CFilterChain->run()
#17 C:\wamp\www\shop\framework\web\CController.php(265): CController->runActionWithFilters(Object(CInlineAction), Array)
#18 C:\wamp\www\shop\framework\web\CWebApplication.php(282): CController->run('view')
#19 C:\wamp\www\shop\framework\web\CWebApplication.php(141): CWebApplication->runController('user/admin/view')
#20 C:\wamp\www\shop\framework\base\CApplication.php(180): CWebApplication->processRequest()
#21 C:\wamp\www\shop\glav\index.php(33): CApplication->run()
#22 {main}
REQUEST_URI=/shop/glav/index.php?r=user/admin/view&id=15
HTTP_REFERER=http://localhost/shop/glav/index.php?r=user/admin/create
---
2014/05/15 15:50:38 [error] [exception.CException] exception 'CException' with message 'Не определено свойство "CDetailView.0".' in C:\wamp\www\shop\framework\base\CComponent.php:173
Stack trace:
#0 C:\wamp\www\shop\framework\web\CWidgetFactory.php(161): CComponent->__set('0', Array)
#1 C:\wamp\www\shop\framework\web\CBaseController.php(146): CWidgetFactory->createWidget(Object(AdminController), 'zii.widgets.CDe...', Array)
#2 C:\wamp\www\shop\framework\web\CBaseController.php(172): CBaseController->createWidget('zii.widgets.CDe...', Array)
#3 C:\wamp\www\shop\glav\protected\modules\user\views\admin\view.php(59): CBaseController->widget('zii.widgets.CDe...', Array)
#4 C:\wamp\www\shop\framework\web\CBaseController.php(126): require('C:\wamp\www\sho...')
#5 C:\wamp\www\shop\framework\web\CBaseController.php(95): CBaseController->renderInternal('C:\wamp\www\sho...', Array, true)
#6 C:\wamp\www\shop\framework\web\CController.php(869): CBaseController->renderFile('C:\wamp\www\sho...', Array, true)
#7 C:\wamp\www\shop\framework\web\CController.php(782): CController->renderPartial('view', Array, true)
#8 C:\wamp\www\shop\glav\protected\modules\user\controllers\AdminController.php(68): CController->render('view', Array)
#9 C:\wamp\www\shop\framework\web\actions\CInlineAction.php(49): AdminController->actionView()
#10 C:\wamp\www\shop\framework\web\CController.php(308): CInlineAction->runWithParams(Array)
#11 C:\wamp\www\shop\framework\web\filters\CFilterChain.php(133): CController->runAction(Object(CInlineAction))
#12 C:\wamp\www\shop\framework\web\filters\CFilter.php(40): CFilterChain->run()
#13 C:\wamp\www\shop\framework\web\CController.php(1145): CFilter->filter(Object(CFilterChain))
#14 C:\wamp\www\shop\framework\web\filters\CInlineFilter.php(58): CController->filterAccessControl(Object(CFilterChain))
#15 C:\wamp\www\shop\framework\web\filters\CFilterChain.php(130): CInlineFilter->filter(Object(CFilterChain))
#16 C:\wamp\www\shop\framework\web\CController.php(291): CFilterChain->run()
#17 C:\wamp\www\shop\framework\web\CController.php(265): CController->runActionWithFilters(Object(CInlineAction), Array)
#18 C:\wamp\www\shop\framework\web\CWebApplication.php(282): CController->run('view')
#19 C:\wamp\www\shop\framework\web\CWebApplication.php(141): CWebApplication->runController('user/admin/view')
#20 C:\wamp\www\shop\framework\base\CApplication.php(180): CWebApplication->processRequest()
#21 C:\wamp\www\shop\glav\index.php(33): CApplication->run()
#22 {main}
REQUEST_URI=/shop/glav/index.php?r=user/admin/view&id=15
HTTP_REFERER=http://localhost/shop/glav/index.php?r=user/admin/create
---
2014/05/15 15:50:41 [error] [exception.CException] exception 'CException' with message 'Не определено свойство "CDetailView.0".' in C:\wamp\www\shop\framework\base\CComponent.php:173
Stack trace:
#0 C:\wamp\www\shop\framework\web\CWidgetFactory.php(161): CComponent->__set('0', Array)
#1 C:\wamp\www\shop\framework\web\CBaseController.php(146): CWidgetFactory->createWidget(Object(AdminController), 'zii.widgets.CDe...', Array)
#2 C:\wamp\www\shop\framework\web\CBaseController.php(172): CBaseController->createWidget('zii.widgets.CDe...', Array)
#3 C:\wamp\www\shop\glav\protected\modules\user\views\admin\view.php(59): CBaseController->widget('zii.widgets.CDe...', Array)
#4 C:\wamp\www\shop\framework\web\CBaseController.php(126): require('C:\wamp\www\sho...')
#5 C:\wamp\www\shop\framework\web\CBaseController.php(95): CBaseController->renderInternal('C:\wamp\www\sho...', Array, true)
#6 C:\wamp\www\shop\framework\web\CController.php(869): CBaseController->renderFile('C:\wamp\www\sho...', Array, true)
#7 C:\wamp\www\shop\framework\web\CController.php(782): CController->renderPartial('view', Array, true)
#8 C:\wamp\www\shop\glav\protected\modules\user\controllers\AdminController.php(68): CController->render('view', Array)
#9 C:\wamp\www\shop\framework\web\actions\CInlineAction.php(49): AdminController->actionView()
#10 C:\wamp\www\shop\framework\web\CController.php(308): CInlineAction->runWithParams(Array)
#11 C:\wamp\www\shop\framework\web\filters\CFilterChain.php(133): CController->runAction(Object(CInlineAction))
#12 C:\wamp\www\shop\framework\web\filters\CFilter.php(40): CFilterChain->run()
#13 C:\wamp\www\shop\framework\web\CController.php(1145): CFilter->filter(Object(CFilterChain))
#14 C:\wamp\www\shop\framework\web\filters\CInlineFilter.php(58): CController->filterAccessControl(Object(CFilterChain))
#15 C:\wamp\www\shop\framework\web\filters\CFilterChain.php(130): CInlineFilter->filter(Object(CFilterChain))
#16 C:\wamp\www\shop\framework\web\CController.php(291): CFilterChain->run()
#17 C:\wamp\www\shop\framework\web\CController.php(265): CController->runActionWithFilters(Object(CInlineAction), Array)
#18 C:\wamp\www\shop\framework\web\CWebApplication.php(282): CController->run('view')
#19 C:\wamp\www\shop\framework\web\CWebApplication.php(141): CWebApplication->runController('user/admin/view')
#20 C:\wamp\www\shop\framework\base\CApplication.php(180): CWebApplication->processRequest()
#21 C:\wamp\www\shop\glav\index.php(33): CApplication->run()
#22 {main}
REQUEST_URI=/shop/glav/index.php?r=user/admin/view&id=15
HTTP_REFERER=http://localhost/shop/glav/index.php?r=user/admin/create
---
2014/05/15 15:58:04 [error] [exception.CException] exception 'CException' with message 'Не определено свойство "CDetailView.0".' in C:\wamp\www\shop\framework\base\CComponent.php:173
Stack trace:
#0 C:\wamp\www\shop\framework\web\CWidgetFactory.php(161): CComponent->__set('0', Array)
#1 C:\wamp\www\shop\framework\web\CBaseController.php(146): CWidgetFactory->createWidget(Object(AdminController), 'zii.widgets.CDe...', Array)
#2 C:\wamp\www\shop\framework\web\CBaseController.php(172): CBaseController->createWidget('zii.widgets.CDe...', Array)
#3 C:\wamp\www\shop\glav\protected\modules\user\views\admin\view.php(59): CBaseController->widget('zii.widgets.CDe...', Array)
#4 C:\wamp\www\shop\framework\web\CBaseController.php(126): require('C:\wamp\www\sho...')
#5 C:\wamp\www\shop\framework\web\CBaseController.php(95): CBaseController->renderInternal('C:\wamp\www\sho...', Array, true)
#6 C:\wamp\www\shop\framework\web\CController.php(869): CBaseController->renderFile('C:\wamp\www\sho...', Array, true)
#7 C:\wamp\www\shop\framework\web\CController.php(782): CController->renderPartial('view', Array, true)
#8 C:\wamp\www\shop\glav\protected\modules\user\controllers\AdminController.php(68): CController->render('view', Array)
#9 C:\wamp\www\shop\framework\web\actions\CInlineAction.php(49): AdminController->actionView()
#10 C:\wamp\www\shop\framework\web\CController.php(308): CInlineAction->runWithParams(Array)
#11 C:\wamp\www\shop\framework\web\filters\CFilterChain.php(133): CController->runAction(Object(CInlineAction))
#12 C:\wamp\www\shop\framework\web\filters\CFilter.php(40): CFilterChain->run()
#13 C:\wamp\www\shop\framework\web\CController.php(1145): CFilter->filter(Object(CFilterChain))
#14 C:\wamp\www\shop\framework\web\filters\CInlineFilter.php(58): CController->filterAccessControl(Object(CFilterChain))
#15 C:\wamp\www\shop\framework\web\filters\CFilterChain.php(130): CInlineFilter->filter(Object(CFilterChain))
#16 C:\wamp\www\shop\framework\web\CController.php(291): CFilterChain->run()
#17 C:\wamp\www\shop\framework\web\CController.php(265): CController->runActionWithFilters(Object(CInlineAction), Array)
#18 C:\wamp\www\shop\framework\web\CWebApplication.php(282): CController->run('view')
#19 C:\wamp\www\shop\framework\web\CWebApplication.php(141): CWebApplication->runController('user/admin/view')
#20 C:\wamp\www\shop\framework\base\CApplication.php(180): CWebApplication->processRequest()
#21 C:\wamp\www\shop\glav\index.php(33): CApplication->run()
#22 {main}
REQUEST_URI=/shop/glav/index.php?r=user/admin/view&id=12
HTTP_REFERER=http://localhost/shop/glav/index.php?r=user/admin/update&id=12
---
2014/05/16 06:11:32 [error] [php] Undefined index: id (C:\wamp\www\shop\glav\protected\views\site\index.php:132)
Stack trace:
#0 C:\wamp\www\shop\framework\web\CController.php(869): SiteController->renderFile()
#1 C:\wamp\www\shop\framework\web\CController.php(782): SiteController->renderPartial()
#2 C:\wamp\www\shop\glav\protected\controllers\SiteController.php(33): SiteController->render()
#3 C:\wamp\www\shop\framework\web\actions\CInlineAction.php(49): SiteController->actionIndex()
#4 C:\wamp\www\shop\framework\web\CController.php(308): CInlineAction->runWithParams()
#5 C:\wamp\www\shop\framework\web\CController.php(286): SiteController->runAction()
#6 C:\wamp\www\shop\framework\web\CController.php(265): SiteController->runActionWithFilters()
#7 C:\wamp\www\shop\framework\web\CWebApplication.php(282): SiteController->run()
#8 C:\wamp\www\shop\framework\web\CWebApplication.php(141): CWebApplication->runController()
#9 C:\wamp\www\shop\framework\base\CApplication.php(180): CWebApplication->processRequest()
#10 C:\wamp\www\shop\glav\index.php(33): CWebApplication->run()
REQUEST_URI=/shop/glav/index.php?r=site/index
in C:\wamp\www\shop\glav\protected\views\site\index.php (132)
in C:\wamp\www\shop\glav\protected\controllers\SiteController.php (33)
in C:\wamp\www\shop\glav\index.php (33)
2014/05/16 06:15:21 [error] [php] Undefined index: id (C:\wamp\www\shop\glav\protected\views\site\index.php:132)
Stack trace:
#0 C:\wamp\www\shop\framework\web\CController.php(869): SiteController->renderFile()
#1 C:\wamp\www\shop\framework\web\CController.php(782): SiteController->renderPartial()
#2 C:\wamp\www\shop\glav\protected\controllers\SiteController.php(33): SiteController->render()
#3 C:\wamp\www\shop\framework\web\actions\CInlineAction.php(49): SiteController->actionIndex()
#4 C:\wamp\www\shop\framework\web\CController.php(308): CInlineAction->runWithParams()
#5 C:\wamp\www\shop\framework\web\CController.php(286): SiteController->runAction()
#6 C:\wamp\www\shop\framework\web\CController.php(265): SiteController->runActionWithFilters()
#7 C:\wamp\www\shop\framework\web\CWebApplication.php(282): SiteController->run()
#8 C:\wamp\www\shop\framework\web\CWebApplication.php(141): CWebApplication->runController()
#9 C:\wamp\www\shop\framework\base\CApplication.php(180): CWebApplication->processRequest()
#10 C:\wamp\www\shop\glav\index.php(34): CWebApplication->run()
REQUEST_URI=/shop/glav/index.php?r=site/index
in C:\wamp\www\shop\glav\protected\views\site\index.php (132)
in C:\wamp\www\shop\glav\protected\controllers\SiteController.php (33)
in C:\wamp\www\shop\glav\index.php (34)
2014/05/16 06:15:45 [error] [php] Undefined index: id (C:\wamp\www\shop\glav\protected\views\site\index.php:132)
Stack trace:
#0 C:\wamp\www\shop\framework\web\CController.php(869): SiteController->renderFile()
#1 C:\wamp\www\shop\framework\web\CController.php(782): SiteController->renderPartial()
#2 C:\wamp\www\shop\glav\protected\controllers\SiteController.php(33): SiteController->render()
#3 C:\wamp\www\shop\framework\web\actions\CInlineAction.php(49): SiteController->actionIndex()
#4 C:\wamp\www\shop\framework\web\CController.php(308): CInlineAction->runWithParams()
#5 C:\wamp\www\shop\framework\web\CController.php(286): SiteController->runAction()
#6 C:\wamp\www\shop\framework\web\CController.php(265): SiteController->runActionWithFilters()
#7 C:\wamp\www\shop\framework\web\CWebApplication.php(282): SiteController->run()
#8 C:\wamp\www\shop\framework\web\CWebApplication.php(141): CWebApplication->runController()
#9 C:\wamp\www\shop\framework\base\CApplication.php(180): CWebApplication->processRequest()
#10 C:\wamp\www\shop\glav\index.php(34): CWebApplication->run()
REQUEST_URI=/shop/glav/
in C:\wamp\www\shop\glav\protected\views\site\index.php (132)
in C:\wamp\www\shop\glav\protected\controllers\SiteController.php (33)
in C:\wamp\www\shop\glav\index.php (34)
2014/05/16 06:15:47 [error] [php] Undefined index: id (C:\wamp\www\shop\glav\protected\views\site\index.php:132)
Stack trace:
#0 C:\wamp\www\shop\framework\web\CController.php(869): SiteController->renderFile()
#1 C:\wamp\www\shop\framework\web\CController.php(782): SiteController->renderPartial()
#2 C:\wamp\www\shop\glav\protected\controllers\SiteController.php(33): SiteController->render()
#3 C:\wamp\www\shop\framework\web\actions\CInlineAction.php(49): SiteController->actionIndex()
#4 C:\wamp\www\shop\framework\web\CController.php(308): CInlineAction->runWithParams()
#5 C:\wamp\www\shop\framework\web\CController.php(286): SiteController->runAction()
#6 C:\wamp\www\shop\framework\web\CController.php(265): SiteController->runActionWithFilters()
#7 C:\wamp\www\shop\framework\web\CWebApplication.php(282): SiteController->run()
#8 C:\wamp\www\shop\framework\web\CWebApplication.php(141): CWebApplication->runController()
#9 C:\wamp\www\shop\framework\base\CApplication.php(180): CWebApplication->processRequest()
#10 C:\wamp\www\shop\glav\index.php(34): CWebApplication->run()
REQUEST_URI=/shop/glav/
in C:\wamp\www\shop\glav\protected\views\site\index.php (132)
in C:\wamp\www\shop\glav\protected\controllers\SiteController.php (33)
in C:\wamp\www\shop\glav\index.php (34)
2014/05/16 06:15:48 [error] [php] Undefined index: id (C:\wamp\www\shop\glav\protected\views\site\index.php:132)
Stack trace:
#0 C:\wamp\www\shop\framework\web\CController.php(869): SiteController->renderFile()
#1 C:\wamp\www\shop\framework\web\CController.php(782): SiteController->renderPartial()
#2 C:\wamp\www\shop\glav\protected\controllers\SiteController.php(33): SiteController->render()
#3 C:\wamp\www\shop\framework\web\actions\CInlineAction.php(49): SiteController->actionIndex()
#4 C:\wamp\www\shop\framework\web\CController.php(308): CInlineAction->runWithParams()
#5 C:\wamp\www\shop\framework\web\CController.php(286): SiteController->runAction()
#6 C:\wamp\www\shop\framework\web\CController.php(265): SiteController->runActionWithFilters()
#7 C:\wamp\www\shop\framework\web\CWebApplication.php(282): SiteController->run()
#8 C:\wamp\www\shop\framework\web\CWebApplication.php(141): CWebApplication->runController()
#9 C:\wamp\www\shop\framework\base\CApplication.php(180): CWebApplication->processRequest()
#10 C:\wamp\www\shop\glav\index.php(34): CWebApplication->run()
REQUEST_URI=/shop/glav/
in C:\wamp\www\shop\glav\protected\views\site\index.php (132)
in C:\wamp\www\shop\glav\protected\controllers\SiteController.php (33)
in C:\wamp\www\shop\glav\index.php (34)
2014/05/16 06:16:31 [error] [php] Undefined index: id (C:\wamp\www\shop\glav\protected\views\site\index.php:133)
Stack trace:
#0 C:\wamp\www\shop\framework\web\CController.php(869): SiteController->renderFile()
#1 C:\wamp\www\shop\framework\web\CController.php(782): SiteController->renderPartial()
#2 C:\wamp\www\shop\glav\protected\controllers\SiteController.php(33): SiteController->render()
#3 C:\wamp\www\shop\framework\web\actions\CInlineAction.php(49): SiteController->actionIndex()
#4 C:\wamp\www\shop\framework\web\CController.php(308): CInlineAction->runWithParams()
#5 C:\wamp\www\shop\framework\web\CController.php(286): SiteController->runAction()
#6 C:\wamp\www\shop\framework\web\CController.php(265): SiteController->runActionWithFilters()
#7 C:\wamp\www\shop\framework\web\CWebApplication.php(282): SiteController->run()
#8 C:\wamp\www\shop\framework\web\CWebApplication.php(141): CWebApplication->runController()
#9 C:\wamp\www\shop\framework\base\CApplication.php(180): CWebApplication->processRequest()
#10 C:\wamp\www\shop\glav\index.php(34): CWebApplication->run()
REQUEST_URI=/shop/glav/
in C:\wamp\www\shop\glav\protected\views\site\index.php (133)
in C:\wamp\www\shop\glav\protected\controllers\SiteController.php (33)
in C:\wamp\www\shop\glav\index.php (34)
2014/05/16 06:16:41 [error] [php] Undefined variable: id (C:\wamp\www\shop\glav\protected\views\site\index.php:135)
Stack trace:
#0 C:\wamp\www\shop\framework\web\CController.php(869): SiteController->renderFile()
#1 C:\wamp\www\shop\framework\web\CController.php(782): SiteController->renderPartial()
#2 C:\wamp\www\shop\glav\protected\controllers\SiteController.php(33): SiteController->render()
#3 C:\wamp\www\shop\framework\web\actions\CInlineAction.php(49): SiteController->actionIndex()
#4 C:\wamp\www\shop\framework\web\CController.php(308): CInlineAction->runWithParams()
#5 C:\wamp\www\shop\framework\web\CController.php(286): SiteController->runAction()
#6 C:\wamp\www\shop\framework\web\CController.php(265): SiteController->runActionWithFilters()
#7 C:\wamp\www\shop\framework\web\CWebApplication.php(282): SiteController->run()
#8 C:\wamp\www\shop\framework\web\CWebApplication.php(141): CWebApplication->runController()
#9 C:\wamp\www\shop\framework\base\CApplication.php(180): CWebApplication->processRequest()
#10 C:\wamp\www\shop\glav\index.php(34): CWebApplication->run()
REQUEST_URI=/shop/glav/
in C:\wamp\www\shop\glav\protected\views\site\index.php (135)
in C:\wamp\www\shop\glav\protected\controllers\SiteController.php (33)
in C:\wamp\www\shop\glav\index.php (34)
2014/05/16 06:17:32 [error] [exception.CHttpException.400] exception 'CHttpException' with message 'Некорректный запрос.' in C:\wamp\www\shop\framework\web\CController.php:336
Stack trace:
#0 C:\wamp\www\shop\framework\web\CController.php(309): CController->invalidActionParams(Object(CInlineAction))
#1 C:\wamp\www\shop\framework\web\CController.php(286): CController->runAction(Object(CInlineAction))
#2 C:\wamp\www\shop\framework\web\CController.php(265): CController->runActionWithFilters(Object(CInlineAction), Array)
#3 C:\wamp\www\shop\framework\web\CWebApplication.php(282): CController->run('')
#4 C:\wamp\www\shop\framework\web\CWebApplication.php(141): CWebApplication->runController('')
#5 C:\wamp\www\shop\framework\base\CApplication.php(180): CWebApplication->processRequest()
#6 C:\wamp\www\shop\glav\index.php(34): CApplication->run()
#7 {main}
REQUEST_URI=/shop/glav/
---
2014/05/16 06:17:34 [error] [exception.CHttpException.400] exception 'CHttpException' with message 'Некорректный запрос.' in C:\wamp\www\shop\framework\web\CController.php:336
Stack trace:
#0 C:\wamp\www\shop\framework\web\CController.php(309): CController->invalidActionParams(Object(CInlineAction))
#1 C:\wamp\www\shop\framework\web\CController.php(286): CController->runAction(Object(CInlineAction))
#2 C:\wamp\www\shop\framework\web\CController.php(265): CController->runActionWithFilters(Object(CInlineAction), Array)
#3 C:\wamp\www\shop\framework\web\CWebApplication.php(282): CController->run('index')
#4 C:\wamp\www\shop\framework\web\CWebApplication.php(141): CWebApplication->runController('site/index')
#5 C:\wamp\www\shop\framework\base\CApplication.php(180): CWebApplication->processRequest()
#6 C:\wamp\www\shop\glav\index.php(34): CApplication->run()
#7 {main}
REQUEST_URI=/shop/glav/index.php?r=site/index
HTTP_REFERER=http://localhost/shop/glav/
---
2014/05/16 06:17:35 [error] [exception.CHttpException.400] exception 'CHttpException' with message 'Некорректный запрос.' in C:\wamp\www\shop\framework\web\CController.php:336
Stack trace:
#0 C:\wamp\www\shop\framework\web\CController.php(309): CController->invalidActionParams(Object(CInlineAction))
#1 C:\wamp\www\shop\framework\web\CController.php(286): CController->runAction(Object(CInlineAction))
#2 C:\wamp\www\shop\framework\web\CController.php(265): CController->runActionWithFilters(Object(CInlineAction), Array)
#3 C:\wamp\www\shop\framework\web\CWebApplication.php(282): CController->run('index')
#4 C:\wamp\www\shop\framework\web\CWebApplication.php(141): CWebApplication->runController('site/index')
#5 C:\wamp\www\shop\framework\base\CApplication.php(180): CWebApplication->processRequest()
#6 C:\wamp\www\shop\glav\index.php(34): CApplication->run()
#7 {main}
REQUEST_URI=/shop/glav/index.php?r=site/index
HTTP_REFERER=http://localhost/shop/glav/index.php?r=site/index
---
2014/05/16 06:17:37 [error] [exception.CHttpException.400] exception 'CHttpException' with message 'Некорректный запрос.' in C:\wamp\www\shop\framework\web\CController.php:336
Stack trace:
#0 C:\wamp\www\shop\framework\web\CController.php(309): CController->invalidActionParams(Object(CInlineAction))
#1 C:\wamp\www\shop\framework\web\CController.php(286): CController->runAction(Object(CInlineAction))
#2 C:\wamp\www\shop\framework\web\CController.php(265): CController->runActionWithFilters(Object(CInlineAction), Array)
#3 C:\wamp\www\shop\framework\web\CWebApplication.php(282): CController->run('index')
#4 C:\wamp\www\shop\framework\web\CWebApplication.php(141): CWebApplication->runController('site/index')
#5 C:\wamp\www\shop\framework\base\CApplication.php(180): CWebApplication->processRequest()
#6 C:\wamp\www\shop\glav\index.php(34): CApplication->run()
#7 {main}
REQUEST_URI=/shop/glav/index.php?r=site/index
HTTP_REFERER=http://localhost/shop/glav/index.php?r=site/cat&id=1
---
2014/05/16 06:17:47 [error] [exception.CHttpException.400] exception 'CHttpException' with message 'Некорректный запрос.' in C:\wamp\www\shop\framework\web\CController.php:336
Stack trace:
#0 C:\wamp\www\shop\framework\web\CController.php(309): CController->invalidActionParams(Object(CInlineAction))
#1 C:\wamp\www\shop\framework\web\CController.php(286): CController->runAction(Object(CInlineAction))
#2 C:\wamp\www\shop\framework\web\CController.php(265): CController->runActionWithFilters(Object(CInlineAction), Array)
#3 C:\wamp\www\shop\framework\web\CWebApplication.php(282): CController->run('index')
#4 C:\wamp\www\shop\framework\web\CWebApplication.php(141): CWebApplication->runController('site/index')
#5 C:\wamp\www\shop\framework\base\CApplication.php(180): CWebApplication->processRequest()
#6 C:\wamp\www\shop\glav\index.php(34): CApplication->run()
#7 {main}
REQUEST_URI=/shop/glav/index.php?r=site/index
HTTP_REFERER=http://localhost/shop/glav/index.php?r=site/cat&id=1
---
2014/05/16 06:18:13 [error] [php] Undefined index: id (C:\wamp\www\shop\glav\protected\views\site\index.php:132)
Stack trace:
#0 C:\wamp\www\shop\framework\web\CController.php(869): SiteController->renderFile()
#1 C:\wamp\www\shop\framework\web\CController.php(782): SiteController->renderPartial()
#2 C:\wamp\www\shop\glav\protected\controllers\SiteController.php(33): SiteController->render()
#3 C:\wamp\www\shop\framework\web\actions\CInlineAction.php(49): SiteController->actionIndex()
#4 C:\wamp\www\shop\framework\web\CController.php(308): CInlineAction->runWithParams()
#5 C:\wamp\www\shop\framework\web\CController.php(286): SiteController->runAction()
#6 C:\wamp\www\shop\framework\web\CController.php(265): SiteController->runActionWithFilters()
#7 C:\wamp\www\shop\framework\web\CWebApplication.php(282): SiteController->run()
#8 C:\wamp\www\shop\framework\web\CWebApplication.php(141): CWebApplication->runController()
#9 C:\wamp\www\shop\framework\base\CApplication.php(180): CWebApplication->processRequest()
#10 C:\wamp\www\shop\glav\index.php(34): CWebApplication->run()
REQUEST_URI=/shop/glav/index.php?r=site/index
in C:\wamp\www\shop\glav\protected\views\site\index.php (132)
in C:\wamp\www\shop\glav\protected\controllers\SiteController.php (33)
in C:\wamp\www\shop\glav\index.php (34)
2014/05/16 06:19:11 [error] [php] Undefined variable: products (C:\wamp\www\shop\glav\protected\views\site\index.php:136)
Stack trace:
#0 C:\wamp\www\shop\framework\web\CController.php(869): SiteController->renderFile()
#1 C:\wamp\www\shop\framework\web\CController.php(782): SiteController->renderPartial()
#2 C:\wamp\www\shop\glav\protected\controllers\SiteController.php(33): SiteController->render()
#3 C:\wamp\www\shop\framework\web\actions\CInlineAction.php(49): SiteController->actionIndex()
#4 C:\wamp\www\shop\framework\web\CController.php(308): CInlineAction->runWithParams()
#5 C:\wamp\www\shop\framework\web\CController.php(286): SiteController->runAction()
#6 C:\wamp\www\shop\framework\web\CController.php(265): SiteController->runActionWithFilters()
#7 C:\wamp\www\shop\framework\web\CWebApplication.php(282): SiteController->run()
#8 C:\wamp\www\shop\framework\web\CWebApplication.php(141): CWebApplication->runController()
#9 C:\wamp\www\shop\framework\base\CApplication.php(180): CWebApplication->processRequest()
#10 C:\wamp\www\shop\glav\index.php(34): CWebApplication->run()
REQUEST_URI=/shop/glav/index.php?r=site/index
in C:\wamp\www\shop\glav\protected\views\site\index.php (136)
in C:\wamp\www\shop\glav\protected\controllers\SiteController.php (33)
in C:\wamp\www\shop\glav\index.php (34)
2014/05/16 08:20:04 [error] [exception.CException] exception 'CException' with message 'Путь CAssetManager.basePath "C:\wamp\www\shop\glav\assets" задан неверно. Удостоверьтесь, что директория существует и доступна для записи пользователю, под которым запущен веб-сервер.' in C:\wamp\www\shop\framework\web\CAssetManager.php:138
Stack trace:
#0 C:\wamp\www\shop\framework\web\CAssetManager.php(123): CAssetManager->setBasePath('C:\wamp\www\sho...')
#1 C:\wamp\www\shop\framework\web\CAssetManager.php(217): CAssetManager->getBasePath()
#2 C:\wamp\www\shop\framework\web\CClientScript.php(510): CAssetManager->publish('C:\wamp\www\sho...')
#3 C:\wamp\www\shop\framework\web\CClientScript.php(547): CClientScript->getCoreScriptUrl()
#4 C:\wamp\www\shop\framework\web\CClientScript.php(348): CClientScript->getPackageBaseUrl('jquery')
#5 C:\wamp\www\shop\framework\web\CClientScript.php(208): CClientScript->renderCoreScripts()
#6 C:\wamp\www\shop\framework\web\CController.php(351): CClientScript->render('?<title>???????...')
#7 C:\wamp\www\shop\framework\web\CController.php(788): CController->processOutput('?<title>???????...')
#8 C:\wamp\www\shop\glav\protected\controllers\SiteController.php(140): CController->render('contact', Array)
#9 C:\wamp\www\shop\framework\web\actions\CInlineAction.php(49): SiteController->actionContact()
#10 C:\wamp\www\shop\framework\web\CController.php(308): CInlineAction->runWithParams(Array)
#11 C:\wamp\www\shop\framework\web\CController.php(286): CController->runAction(Object(CInlineAction))
#12 C:\wamp\www\shop\framework\web\CController.php(265): CController->runActionWithFilters(Object(CInlineAction), Array)
#13 C:\wamp\www\shop\framework\web\CWebApplication.php(282): CController->run('contact')
#14 C:\wamp\www\shop\framework\web\CWebApplication.php(141): CWebApplication->runController('site/contact')
#15 C:\wamp\www\shop\framework\base\CApplication.php(180): CWebApplication->processRequest()
#16 C:\wamp\www\shop\glav\index.php(34): CApplication->run()
#17 {main}
REQUEST_URI=/shop/glav/index.php?r=site/contact
HTTP_REFERER=http://localhost/shop/glav/index.php?r=site/index
---
